::1 - - [20/Dec/2019:01:17:01 +0000] "POST /login HTTP/1.1" 200 504 "-" "PostmanRuntime/7.20.1"
::1 - - [20/Dec/2019:01:27:28 +0000] "POST /login HTTP/1.1" 200 504 "-" "PostmanRuntime/7.20.1"
::1 - - [20/Dec/2019:02:06:52 +0000] "PATCH /users/5dfb2127dfc55373765955ba HTTP/1.1" 500 27 "-" "PostmanRuntime/7.20.1"
::1 - - [20/Dec/2019:02:07:06 +0000] "PATCH /users/5dfb2127dfc55373765955ba HTTP/1.1" 401 38 "-" "PostmanRuntime/7.20.1"
::1 - - [20/Dec/2019:02:08:17 +0000] "PATCH /users/5dfb2127dfc55373765955ba HTTP/1.1" 401 38 "-" "PostmanRuntime/7.20.1"
::1 - - [20/Dec/2019:02:08:37 +0000] "PATCH /users/5dfb213fdfc55373765955bb HTTP/1.1" 401 38 "-" "PostmanRuntime/7.20.1"
::1 - - [20/Dec/2019:02:09:20 +0000] "PATCH /users/5dfb213fdfc55373765955bb HTTP/1.1" 401 38 "-" "PostmanRuntime/7.20.1"
::1 - - [20/Dec/2019:02:09:29 +0000] "PATCH /users/5dfb213fdfc55373765955bb HTTP/1.1" 500 27 "-" "PostmanRuntime/7.20.1"
::1 - - [20/Dec/2019:02:09:34 +0000] "PATCH /users/5dfb213fdfc55373765955bb HTTP/1.1" 401 38 "-" "PostmanRuntime/7.20.1"
::1 - - [20/Dec/2019:02:11:47 +0000] "PATCH /users/5dfb213fdfc55373765955bb HTTP/1.1" 401 38 "-" "PostmanRuntime/7.20.1"
::1 - - [20/Dec/2019:02:13:58 +0000] "PATCH /users/5dfb213fdfc55373765955bb HTTP/1.1" 401 38 "-" "PostmanRuntime/7.20.1"
::1 - - [20/Dec/2019:02:15:05 +0000] "PATCH /users/5dfb213fdfc55373765955bb HTTP/1.1" 200 35 "-" "PostmanRuntime/7.20.1"
::1 - - [20/Dec/2019:02:17:19 +0000] "PATCH /users/5dfb213fdfc55373765955bb HTTP/1.1" 401 38 "-" "PostmanRuntime/7.20.1"
::1 - - [20/Dec/2019:02:18:53 +0000] "PATCH /users/5dfb213fdfc55373765955bb HTTP/1.1" 401 38 "-" "PostmanRuntime/7.20.1"
::1 - - [20/Dec/2019:02:24:46 +0000] "PATCH /users/5dfb213fdfc55373765955bb HTTP/1.1" 401 38 "-" "PostmanRuntime/7.20.1"
::1 - - [20/Dec/2019:02:25:15 +0000] "POST /login HTTP/1.1" 200 504 "-" "PostmanRuntime/7.20.1"
::1 - - [20/Dec/2019:02:25:35 +0000] "PATCH /users/5dfb213fdfc55373765955bb HTTP/1.1" 401 38 "-" "PostmanRuntime/7.20.1"
::1 - - [20/Dec/2019:02:27:01 +0000] "PATCH /users/5dfb213fdfc55373765955bb HTTP/1.1" 401 38 "-" "PostmanRuntime/7.20.1"
::1 - - [20/Dec/2019:02:27:11 +0000] "POST /login HTTP/1.1" 200 504 "-" "PostmanRuntime/7.20.1"
::1 - - [20/Dec/2019:02:27:29 +0000] "PATCH /users/5dfb213fdfc55373765955bb HTTP/1.1" 401 38 "-" "PostmanRuntime/7.20.1"
::1 - - [20/Dec/2019:02:30:05 +0000] "PATCH /users/5dfb213fdfc55373765955bb HTTP/1.1" 401 38 "-" "PostmanRuntime/7.20.1"
::1 - - [20/Dec/2019:02:30:12 +0000] "PATCH /users/5dfb213fdfc55373765955bb HTTP/1.1" 500 27 "-" "PostmanRuntime/7.20.1"
::1 - - [20/Dec/2019:02:30:14 +0000] "PATCH /users/5dfb213fdfc55373765955bb HTTP/1.1" 401 38 "-" "PostmanRuntime/7.20.1"
::1 - - [20/Dec/2019:02:30:41 +0000] "PATCH /users/5dfb213fdfc55373765955bb HTTP/1.1" 401 38 "-" "PostmanRuntime/7.20.1"
::1 - - [20/Dec/2019:02:32:14 +0000] "PATCH /users/5dfb213fdfc55373765955bb HTTP/1.1" 401 38 "-" "PostmanRuntime/7.20.1"
::1 - - [20/Dec/2019:02:32:43 +0000] "PATCH /users/5dfb213fdfc55373765955bb HTTP/1.1" 401 38 "-" "PostmanRuntime/7.20.1"
::1 - - [20/Dec/2019:02:32:56 +0000] "PATCH /users/5dfb213fdfc55373765955bb HTTP/1.1" 401 30 "-" "PostmanRuntime/7.20.1"
::1 - - [20/Dec/2019:02:34:57 +0000] "PATCH /users/5dfb213fdfc55373765955bb HTTP/1.1" 401 30 "-" "PostmanRuntime/7.20.1"
::1 - - [20/Dec/2019:02:35:57 +0000] "PATCH /users/5dfb213fdfc55373765955bb HTTP/1.1" 401 30 "-" "PostmanRuntime/7.20.1"
::1 - - [20/Dec/2019:02:36:55 +0000] "PATCH /users/5dfb213fdfc55373765955bb HTTP/1.1" 401 30 "-" "PostmanRuntime/7.20.1"
::1 - - [20/Dec/2019:02:37:06 +0000] "PATCH /users/5dfb213fdfc55373765955bb HTTP/1.1" 401 30 "-" "PostmanRuntime/7.20.1"
::1 - - [20/Dec/2019:02:37:41 +0000] "PATCH /users/5dfb213fdfc55373765955bb HTTP/1.1" 401 30 "-" "PostmanRuntime/7.20.1"
::1 - - [20/Dec/2019:02:37:51 +0000] "PATCH /users/5dfb213fdfc55373765955bb HTTP/1.1" 401 30 "-" "PostmanRuntime/7.20.1"
::1 - - [20/Dec/2019:02:39:17 +0000] "PATCH /users/5dfb213fdfc55373765955bb HTTP/1.1" 401 30 "-" "PostmanRuntime/7.20.1"
::1 - - [20/Dec/2019:02:39:18 +0000] "PATCH /users/5dfb213fdfc55373765955bb HTTP/1.1" 401 30 "-" "PostmanRuntime/7.20.1"
::1 - - [20/Dec/2019:02:39:27 +0000] "PATCH /users/5dfb213fdfc55373765955bb HTTP/1.1" 401 30 "-" "PostmanRuntime/7.20.1"
::1 - - [20/Dec/2019:02:40:18 +0000] "POST /login HTTP/1.1" 200 504 "-" "PostmanRuntime/7.20.1"
::1 - - [20/Dec/2019:02:40:29 +0000] "PATCH /users/5dfb213fdfc55373765955bb HTTP/1.1" 401 30 "-" "PostmanRuntime/7.20.1"
::1 - - [20/Dec/2019:02:41:45 +0000] "PATCH /users/5dfb213fdfc55373765955bb HTTP/1.1" 401 30 "-" "PostmanRuntime/7.20.1"
::1 - - [20/Dec/2019:02:42:28 +0000] "PATCH /users/5dfb213fdfc55373765955bb HTTP/1.1" 401 30 "-" "PostmanRuntime/7.20.1"
::1 - - [20/Dec/2019:02:42:29 +0000] "PATCH /users/5dfb213fdfc55373765955bb HTTP/1.1" 401 30 "-" "PostmanRuntime/7.20.1"
::1 - - [20/Dec/2019:02:42:32 +0000] "PATCH /users/5dfb213fdfc55373765955bb HTTP/1.1" 401 30 "-" "PostmanRuntime/7.20.1"
::1 - - [20/Dec/2019:02:42:37 +0000] "PATCH /users/5dfb213fdfc55373765955bb HTTP/1.1" 401 30 "-" "PostmanRuntime/7.20.1"
::1 - - [20/Dec/2019:02:42:44 +0000] "PATCH /users/5dfb213fdfc55373765955bb HTTP/1.1" 200 35 "-" "PostmanRuntime/7.20.1"
::1 - - [20/Dec/2019:02:43:17 +0000] "PATCH /users/5dfb213fdfc55373765955bb HTTP/1.1" 200 35 "-" "PostmanRuntime/7.20.1"
::1 - - [20/Dec/2019:02:43:51 +0000] "POST /login HTTP/1.1" 401 35 "-" "PostmanRuntime/7.20.1"
::1 - - [20/Dec/2019:02:44:01 +0000] "POST /login HTTP/1.1" 401 33 "-" "PostmanRuntime/7.20.1"
::1 - - [20/Dec/2019:02:44:07 +0000] "POST /login HTTP/1.1" 200 500 "-" "PostmanRuntime/7.20.1"
::1 - - [20/Dec/2019:02:44:28 +0000] "PATCH /users/5dfc0a8abaa81314b1a17dd7 HTTP/1.1" 401 38 "-" "PostmanRuntime/7.20.1"
::1 - - [20/Dec/2019:02:44:35 +0000] "PATCH /users/5dfb213fdfc55373765955bb HTTP/1.1" 401 38 "-" "PostmanRuntime/7.20.1"
::1 - - [20/Dec/2019:02:45:12 +0000] "PATCH /users/5dfb213fdfc55373765955bb HTTP/1.1" 401 38 "-" "PostmanRuntime/7.20.1"
::1 - - [20/Dec/2019:02:49:05 +0000] "PATCH /users/5dfb213fdfc55373765955bb HTTP/1.1" 401 38 "-" "PostmanRuntime/7.20.1"
::1 - - [20/Dec/2019:02:49:15 +0000] "PATCH /users/5dfb213fdfc55373765955bb HTTP/1.1" 200 35 "-" "PostmanRuntime/7.20.1"
::1 - - [20/Dec/2019:02:49:25 +0000] "PATCH /users/5dfb213fdfc55373765955bb HTTP/1.1" 422 134 "-" "PostmanRuntime/7.20.1"
::1 - - [20/Dec/2019:02:49:30 +0000] "PATCH /users/5dfb213fdfc55373765955bb HTTP/1.1" 200 35 "-" "PostmanRuntime/7.20.1"
::1 - - [20/Dec/2019:02:50:57 +0000] "PATCH /users/5dfb213fdfc55373765955b HTTP/1.1" - - "-" "PostmanRuntime/7.20.1"
::1 - - [20/Dec/2019:02:51:13 +0000] "PATCH /users/5dfb213fdfc55373765955b HTTP/1.1" - - "-" "PostmanRuntime/7.20.1"
::1 - - [20/Dec/2019:02:51:47 +0000] "PATCH /users/5dfb213fdfc55373765955b HTTP/1.1" - - "-" "PostmanRuntime/7.20.1"
::1 - - [20/Dec/2019:02:52:30 +0000] "PATCH /users/5dfb213fdfc55373765955b HTTP/1.1" - - "-" "PostmanRuntime/7.20.1"
::1 - - [20/Dec/2019:02:52:38 +0000] "PATCH /users/5dfb213fdfc55373765955b HTTP/1.1" - - "-" "PostmanRuntime/7.20.1"
::1 - - [20/Dec/2019:02:53:11 +0000] "PATCH /users/5dfb213fdfc55373765955b HTTP/1.1" - - "-" "PostmanRuntime/7.20.1"
::1 - - [20/Dec/2019:02:53:16 +0000] "PATCH /users/5dfb213fdfc55373765955bb HTTP/1.1" 200 35 "-" "PostmanRuntime/7.20.1"
::1 - - [20/Dec/2019:02:54:03 +0000] "PATCH /users/5dfb213fdfc55373765955bv HTTP/1.1" - - "-" "PostmanRuntime/7.20.1"
::1 - - [20/Dec/2019:02:55:07 +0000] "PATCH /users/5dfb213fdfc55373765955bv HTTP/1.1" - - "-" "PostmanRuntime/7.20.1"
::1 - - [20/Dec/2019:02:55:10 +0000] "PATCH /users/5dfb213fdfc55373765955bv HTTP/1.1" - - "-" "PostmanRuntime/7.20.1"
::1 - - [20/Dec/2019:02:55:19 +0000] "PATCH /users/5dfb213fdfc55373765955bv HTTP/1.1" 500 - "-" "PostmanRuntime/7.20.1"
::1 - - [20/Dec/2019:03:27:49 +0000] "PATCH /users/5dfb213fdfc55373765955bv HTTP/1.1" 500 - "-" "PostmanRuntime/7.20.1"
::1 - - [20/Dec/2019:03:27:51 +0000] "PATCH /users/5dfb213fdfc55373765955bv HTTP/1.1" 500 - "-" "PostmanRuntime/7.20.1"
::1 - - [20/Dec/2019:03:28:15 +0000] "PATCH /users/5dfb213fdfc55373765955bv HTTP/1.1" - - "-" "PostmanRuntime/7.20.1"
::1 - - [20/Dec/2019:03:28:58 +0000] "PATCH /users/5dfb213fdfc55373765955bv HTTP/1.1" - - "-" "PostmanRuntime/7.20.1"
::1 - - [20/Dec/2019:03:29:00 +0000] "PATCH /users/5dfb213fdfc55373765955bv HTTP/1.1" - - "-" "PostmanRuntime/7.20.1"
::1 - - [20/Dec/2019:03:29:11 +0000] "PATCH /users/5dfb213fdfc55373765955bv HTTP/1.1" - - "-" "PostmanRuntime/7.20.1"
::1 - - [20/Dec/2019:03:29:18 +0000] "PATCH /users/5dfb213fdfc55373765955bv HTTP/1.1" - - "-" "PostmanRuntime/7.20.1"
::1 - - [20/Dec/2019:03:29:30 +0000] "PATCH /users/5dfb213fdfc55373765955bv HTTP/1.1" - - "-" "PostmanRuntime/7.20.1"
::1 - - [20/Dec/2019:03:29:32 +0000] "PATCH /users/5dfb213fdfc55373765955bb HTTP/1.1" 200 35 "-" "PostmanRuntime/7.20.1"
::1 - - [20/Dec/2019:03:29:46 +0000] "PATCH /users/5dfb213fdfc55373765955bb HTTP/1.1" 200 35 "-" "PostmanRuntime/7.20.1"
::1 - - [20/Dec/2019:03:33:00 +0000] "PATCH /users/5dfb213fdfc55373765955bb HTTP/1.1" 200 35 "-" "PostmanRuntime/7.20.1"
::1 - - [20/Dec/2019:03:33:10 +0000] "PATCH /users/5dfb213fdfc55373765955bc HTTP/1.1" 401 36 "-" "PostmanRuntime/7.20.1"
::1 - - [20/Dec/2019:03:33:54 +0000] "PATCH /users/5dfb213fdfc55373765955bb HTTP/1.1" 200 35 "-" "PostmanRuntime/7.20.1"
::1 - - [20/Dec/2019:03:34:07 +0000] "PATCH /users/5dfb213fdfc55373765955bb HTTP/1.1" 401 29 "-" "PostmanRuntime/7.20.1"
::1 - - [20/Dec/2019:03:35:00 +0000] "PATCH /users/5dfb213fdfc55373765955bb HTTP/1.1" 401 29 "-" "PostmanRuntime/7.20.1"
::1 - - [20/Dec/2019:03:35:01 +0000] "PATCH /users/5dfb213fdfc55373765955bb HTTP/1.1" 401 29 "-" "PostmanRuntime/7.20.1"
::1 - - [20/Dec/2019:03:35:08 +0000] "PATCH /users/5dfb213fdfc55373765955bb HTTP/1.1" 401 29 "-" "PostmanRuntime/7.20.1"
::1 - - [20/Dec/2019:03:35:17 +0000] "PATCH /users/5dfb213fdfc55373765955bb HTTP/1.1" 422 133 "-" "PostmanRuntime/7.20.1"
::1 - - [20/Dec/2019:03:35:23 +0000] "PATCH /users/5dfb213fdfc55373765955bb HTTP/1.1" 200 35 "-" "PostmanRuntime/7.20.1"
::1 - - [20/Dec/2019:04:26:11 +0000] "POST /graphql HTTP/1.1" 400 997 "-" "PostmanRuntime/7.20.1"
::1 - - [20/Dec/2019:04:27:10 +0000] "POST /graphql HTTP/1.1" 200 42 "-" "PostmanRuntime/7.20.1"
::1 - - [20/Dec/2019:04:27:19 +0000] "POST /graphql HTTP/1.1" 200 56 "-" "PostmanRuntime/7.20.1"
::1 - - [20/Dec/2019:05:09:38 +0000] "GET /graphql HTTP/1.1" 200 - "-" "Mozilla/5.0 (X11; Linux x86_64) AppleWebKit/537.36 (KHTML, like Gecko) Chrome/79.0.3945.79 Safari/537.36"
::1 - - [20/Dec/2019:05:09:39 +0000] "POST /graphql? HTTP/1.1" 500 97 "http://localhost:8080/" "Mozilla/5.0 (X11; Linux x86_64) AppleWebKit/537.36 (KHTML, like Gecko) Chrome/79.0.3945.79 Safari/537.36"
::1 - - [20/Dec/2019:05:09:39 +0000] "GET /favicon.ico HTTP/1.1" 404 150 "http://localhost:8080/" "Mozilla/5.0 (X11; Linux x86_64) AppleWebKit/537.36 (KHTML, like Gecko) Chrome/79.0.3945.79 Safari/537.36"
::1 - - [20/Dec/2019:05:09:39 +0000] "POST /graphql? HTTP/1.1" 500 97 "http://localhost:8080/" "Mozilla/5.0 (X11; Linux x86_64) AppleWebKit/537.36 (KHTML, like Gecko) Chrome/79.0.3945.79 Safari/537.36"
::1 - - [20/Dec/2019:05:10:31 +0000] "GET /graphql HTTP/1.1" 200 - "-" "Mozilla/5.0 (X11; Linux x86_64) AppleWebKit/537.36 (KHTML, like Gecko) Chrome/79.0.3945.79 Safari/537.36"
::1 - - [20/Dec/2019:05:10:31 +0000] "POST /graphql? HTTP/1.1" 200 - "http://localhost:8080/" "Mozilla/5.0 (X11; Linux x86_64) AppleWebKit/537.36 (KHTML, like Gecko) Chrome/79.0.3945.79 Safari/537.36"
::1 - - [20/Dec/2019:05:14:25 +0000] "POST /graphql? HTTP/1.1" 500 163 "http://localhost:8080/" "Mozilla/5.0 (X11; Linux x86_64) AppleWebKit/537.36 (KHTML, like Gecko) Chrome/79.0.3945.79 Safari/537.36"
::1 - - [20/Dec/2019:05:14:48 +0000] "POST /graphql? HTTP/1.1" 500 163 "http://localhost:8080/" "Mozilla/5.0 (X11; Linux x86_64) AppleWebKit/537.36 (KHTML, like Gecko) Chrome/79.0.3945.79 Safari/537.36"
::1 - - [20/Dec/2019:05:15:20 +0000] "POST /graphql? HTTP/1.1" 500 163 "http://localhost:8080/" "Mozilla/5.0 (X11; Linux x86_64) AppleWebKit/537.36 (KHTML, like Gecko) Chrome/79.0.3945.79 Safari/537.36"
::1 - - [20/Dec/2019:05:15:21 +0000] "POST /graphql? HTTP/1.1" 500 163 "http://localhost:8080/" "Mozilla/5.0 (X11; Linux x86_64) AppleWebKit/537.36 (KHTML, like Gecko) Chrome/79.0.3945.79 Safari/537.36"
::1 - - [20/Dec/2019:05:16:00 +0000] "POST /graphql? HTTP/1.1" 500 163 "http://localhost:8080/" "Mozilla/5.0 (X11; Linux x86_64) AppleWebKit/537.36 (KHTML, like Gecko) Chrome/79.0.3945.79 Safari/537.36"
::1 - - [20/Dec/2019:05:16:01 +0000] "POST /graphql? HTTP/1.1" 500 163 "http://localhost:8080/" "Mozilla/5.0 (X11; Linux x86_64) AppleWebKit/537.36 (KHTML, like Gecko) Chrome/79.0.3945.79 Safari/537.36"
::1 - - [20/Dec/2019:05:16:01 +0000] "POST /graphql? HTTP/1.1" 500 163 "http://localhost:8080/" "Mozilla/5.0 (X11; Linux x86_64) AppleWebKit/537.36 (KHTML, like Gecko) Chrome/79.0.3945.79 Safari/537.36"
::1 - - [20/Dec/2019:05:16:01 +0000] "POST /graphql? HTTP/1.1" 500 163 "http://localhost:8080/" "Mozilla/5.0 (X11; Linux x86_64) AppleWebKit/537.36 (KHTML, like Gecko) Chrome/79.0.3945.79 Safari/537.36"
::1 - - [20/Dec/2019:05:16:02 +0000] "POST /graphql? HTTP/1.1" 500 163 "http://localhost:8080/" "Mozilla/5.0 (X11; Linux x86_64) AppleWebKit/537.36 (KHTML, like Gecko) Chrome/79.0.3945.79 Safari/537.36"
::1 - - [20/Dec/2019:05:16:02 +0000] "POST /graphql? HTTP/1.1" 500 163 "http://localhost:8080/" "Mozilla/5.0 (X11; Linux x86_64) AppleWebKit/537.36 (KHTML, like Gecko) Chrome/79.0.3945.79 Safari/537.36"
::1 - - [20/Dec/2019:05:16:19 +0000] "POST /graphql? HTTP/1.1" 500 163 "http://localhost:8080/" "Mozilla/5.0 (X11; Linux x86_64) AppleWebKit/537.36 (KHTML, like Gecko) Chrome/79.0.3945.79 Safari/537.36"
::1 - - [20/Dec/2019:05:16:20 +0000] "POST /graphql? HTTP/1.1" 500 163 "http://localhost:8080/" "Mozilla/5.0 (X11; Linux x86_64) AppleWebKit/537.36 (KHTML, like Gecko) Chrome/79.0.3945.79 Safari/537.36"
::1 - - [20/Dec/2019:05:16:20 +0000] "POST /graphql? HTTP/1.1" 500 163 "http://localhost:8080/" "Mozilla/5.0 (X11; Linux x86_64) AppleWebKit/537.36 (KHTML, like Gecko) Chrome/79.0.3945.79 Safari/537.36"
::1 - - [20/Dec/2019:05:16:20 +0000] "POST /graphql? HTTP/1.1" 500 163 "http://localhost:8080/" "Mozilla/5.0 (X11; Linux x86_64) AppleWebKit/537.36 (KHTML, like Gecko) Chrome/79.0.3945.79 Safari/537.36"
::1 - - [20/Dec/2019:05:16:58 +0000] "POST /graphql? HTTP/1.1" 500 163 "http://localhost:8080/" "Mozilla/5.0 (X11; Linux x86_64) AppleWebKit/537.36 (KHTML, like Gecko) Chrome/79.0.3945.79 Safari/537.36"
::1 - - [20/Dec/2019:05:16:58 +0000] "POST /graphql? HTTP/1.1" 500 163 "http://localhost:8080/" "Mozilla/5.0 (X11; Linux x86_64) AppleWebKit/537.36 (KHTML, like Gecko) Chrome/79.0.3945.79 Safari/537.36"
::1 - - [20/Dec/2019:05:16:58 +0000] "POST /graphql? HTTP/1.1" 500 163 "http://localhost:8080/" "Mozilla/5.0 (X11; Linux x86_64) AppleWebKit/537.36 (KHTML, like Gecko) Chrome/79.0.3945.79 Safari/537.36"
::1 - - [20/Dec/2019:05:16:59 +0000] "POST /graphql? HTTP/1.1" 500 163 "http://localhost:8080/" "Mozilla/5.0 (X11; Linux x86_64) AppleWebKit/537.36 (KHTML, like Gecko) Chrome/79.0.3945.79 Safari/537.36"
::1 - - [20/Dec/2019:05:16:59 +0000] "POST /graphql? HTTP/1.1" 500 163 "http://localhost:8080/" "Mozilla/5.0 (X11; Linux x86_64) AppleWebKit/537.36 (KHTML, like Gecko) Chrome/79.0.3945.79 Safari/537.36"
::1 - - [20/Dec/2019:05:19:07 +0000] "POST /graphql? HTTP/1.1" 500 163 "http://localhost:8080/" "Mozilla/5.0 (X11; Linux x86_64) AppleWebKit/537.36 (KHTML, like Gecko) Chrome/79.0.3945.79 Safari/537.36"
::1 - - [20/Dec/2019:05:19:08 +0000] "POST /graphql? HTTP/1.1" 500 163 "http://localhost:8080/" "Mozilla/5.0 (X11; Linux x86_64) AppleWebKit/537.36 (KHTML, like Gecko) Chrome/79.0.3945.79 Safari/537.36"
::1 - - [20/Dec/2019:05:19:08 +0000] "POST /graphql? HTTP/1.1" 500 163 "http://localhost:8080/" "Mozilla/5.0 (X11; Linux x86_64) AppleWebKit/537.36 (KHTML, like Gecko) Chrome/79.0.3945.79 Safari/537.36"
::1 - - [20/Dec/2019:05:20:05 +0000] "POST /graphql? HTTP/1.1" 500 120 "http://localhost:8080/" "Mozilla/5.0 (X11; Linux x86_64) AppleWebKit/537.36 (KHTML, like Gecko) Chrome/79.0.3945.79 Safari/537.36"
::1 - - [20/Dec/2019:05:20:06 +0000] "POST /graphql? HTTP/1.1" 500 120 "http://localhost:8080/" "Mozilla/5.0 (X11; Linux x86_64) AppleWebKit/537.36 (KHTML, like Gecko) Chrome/79.0.3945.79 Safari/537.36"
::1 - - [20/Dec/2019:05:20:07 +0000] "POST /graphql? HTTP/1.1" 500 120 "http://localhost:8080/" "Mozilla/5.0 (X11; Linux x86_64) AppleWebKit/537.36 (KHTML, like Gecko) Chrome/79.0.3945.79 Safari/537.36"
::1 - - [20/Dec/2019:05:20:07 +0000] "POST /graphql? HTTP/1.1" 500 120 "http://localhost:8080/" "Mozilla/5.0 (X11; Linux x86_64) AppleWebKit/537.36 (KHTML, like Gecko) Chrome/79.0.3945.79 Safari/537.36"
::1 - - [20/Dec/2019:05:20:08 +0000] "POST /graphql? HTTP/1.1" 500 120 "http://localhost:8080/" "Mozilla/5.0 (X11; Linux x86_64) AppleWebKit/537.36 (KHTML, like Gecko) Chrome/79.0.3945.79 Safari/537.36"
::1 - - [20/Dec/2019:05:20:08 +0000] "POST /graphql? HTTP/1.1" 500 120 "http://localhost:8080/" "Mozilla/5.0 (X11; Linux x86_64) AppleWebKit/537.36 (KHTML, like Gecko) Chrome/79.0.3945.79 Safari/537.36"
::1 - - [20/Dec/2019:05:20:15 +0000] "GET /graphql?query=mutation%20%7B%0A%20%20createUser(userInput%3A%20%7B%09%0A%20%20%20%20%09%09%09%09%09%09%09%09%09%09%09firstName%3A%20%22testing%22%2C%0A%20%20%20%20%09%09%09%09%09%09%09%09%09%09%09lastName%3A%20%22try%22%2C%0A%20%20%20%20%20%20%20%20%09%09%09%09%09%09%09%09%09email%3A%20%22testing%40testing.com%22%2C%20%0A%20%20%09%09%09%09%09%09%09%09%09%09%09%09password%3A%20%22qwerty%22%7D)%20%7B%0A%20%20%20%20_id%0A%20%20%20%20firstName%0A%20%20%20%20lastName%0A%20%20%20%20email%0A%20%20%20%20password%0A%20%20%20%20permissionLevel%0A%20%20%7D%0A%7D HTTP/1.1" 200 - "-" "Mozilla/5.0 (X11; Linux x86_64) AppleWebKit/537.36 (KHTML, like Gecko) Chrome/79.0.3945.79 Safari/537.36"
::1 - - [20/Dec/2019:05:20:15 +0000] "POST /graphql? HTTP/1.1" 200 - "http://localhost:8080/" "Mozilla/5.0 (X11; Linux x86_64) AppleWebKit/537.36 (KHTML, like Gecko) Chrome/79.0.3945.79 Safari/537.36"
::1 - - [20/Dec/2019:05:20:18 +0000] "POST /graphql? HTTP/1.1" 500 120 "http://localhost:8080/" "Mozilla/5.0 (X11; Linux x86_64) AppleWebKit/537.36 (KHTML, like Gecko) Chrome/79.0.3945.79 Safari/537.36"
::1 - - [20/Dec/2019:05:20:32 +0000] "POST /graphql? HTTP/1.1" 500 120 "http://localhost:8080/" "Mozilla/5.0 (X11; Linux x86_64) AppleWebKit/537.36 (KHTML, like Gecko) Chrome/79.0.3945.79 Safari/537.36"
::1 - - [20/Dec/2019:05:22:09 +0000] "POST /graphql? HTTP/1.1" 200 221 "http://localhost:8080/" "Mozilla/5.0 (X11; Linux x86_64) AppleWebKit/537.36 (KHTML, like Gecko) Chrome/79.0.3945.79 Safari/537.36"
::1 - - [20/Dec/2019:05:33:55 +0000] "POST /graphql? HTTP/1.1" 500 113 "http://localhost:8080/" "Mozilla/5.0 (X11; Linux x86_64) AppleWebKit/537.36 (KHTML, like Gecko) Chrome/79.0.3945.79 Safari/537.36"
::1 - - [20/Dec/2019:05:38:59 +0000] "POST /graphql? HTTP/1.1" 500 105 "http://localhost:8080/" "Mozilla/5.0 (X11; Linux x86_64) AppleWebKit/537.36 (KHTML, like Gecko) Chrome/79.0.3945.79 Safari/537.36"
::1 - - [20/Dec/2019:05:39:30 +0000] "POST /graphql? HTTP/1.1" 500 138 "http://localhost:8080/" "Mozilla/5.0 (X11; Linux x86_64) AppleWebKit/537.36 (KHTML, like Gecko) Chrome/79.0.3945.79 Safari/537.36"
::1 - - [20/Dec/2019:05:40:31 +0000] "POST /graphql? HTTP/1.1" 500 138 "http://localhost:8080/" "Mozilla/5.0 (X11; Linux x86_64) AppleWebKit/537.36 (KHTML, like Gecko) Chrome/79.0.3945.79 Safari/537.36"
::1 - - [20/Dec/2019:05:40:32 +0000] "POST /graphql? HTTP/1.1" 500 138 "http://localhost:8080/" "Mozilla/5.0 (X11; Linux x86_64) AppleWebKit/537.36 (KHTML, like Gecko) Chrome/79.0.3945.79 Safari/537.36"
::1 - - [20/Dec/2019:05:40:32 +0000] "POST /graphql? HTTP/1.1" 500 138 "http://localhost:8080/" "Mozilla/5.0 (X11; Linux x86_64) AppleWebKit/537.36 (KHTML, like Gecko) Chrome/79.0.3945.79 Safari/537.36"
::1 - - [20/Dec/2019:05:40:32 +0000] "POST /graphql? HTTP/1.1" 500 138 "http://localhost:8080/" "Mozilla/5.0 (X11; Linux x86_64) AppleWebKit/537.36 (KHTML, like Gecko) Chrome/79.0.3945.79 Safari/537.36"
::1 - - [20/Dec/2019:05:40:39 +0000] "POST /graphql? HTTP/1.1" 400 132 "http://localhost:8080/" "Mozilla/5.0 (X11; Linux x86_64) AppleWebKit/537.36 (KHTML, like Gecko) Chrome/79.0.3945.79 Safari/537.36"
::1 - - [20/Dec/2019:05:43:57 +0000] "POST /graphql? HTTP/1.1" 500 184 "http://localhost:8080/" "Mozilla/5.0 (X11; Linux x86_64) AppleWebKit/537.36 (KHTML, like Gecko) Chrome/79.0.3945.79 Safari/537.36"
::1 - - [20/Dec/2019:05:44:25 +0000] "POST /graphql? HTTP/1.1" 500 194 "http://localhost:8080/" "Mozilla/5.0 (X11; Linux x86_64) AppleWebKit/537.36 (KHTML, like Gecko) Chrome/79.0.3945.79 Safari/537.36"
::1 - - [20/Dec/2019:05:44:29 +0000] "POST /graphql? HTTP/1.1" 500 249 "http://localhost:8080/" "Mozilla/5.0 (X11; Linux x86_64) AppleWebKit/537.36 (KHTML, like Gecko) Chrome/79.0.3945.79 Safari/537.36"
::1 - - [20/Dec/2019:05:45:08 +0000] "POST /graphql? HTTP/1.1" 500 105 "http://localhost:8080/" "Mozilla/5.0 (X11; Linux x86_64) AppleWebKit/537.36 (KHTML, like Gecko) Chrome/79.0.3945.79 Safari/537.36"
::1 - - [20/Dec/2019:05:45:23 +0000] "POST /graphql? HTTP/1.1" 200 214 "http://localhost:8080/" "Mozilla/5.0 (X11; Linux x86_64) AppleWebKit/537.36 (KHTML, like Gecko) Chrome/79.0.3945.79 Safari/537.36"
::1 - - [20/Dec/2019:05:56:20 +0000] "GET /graphql?query=mutation%20%7B%0A%20%20createUser(userInput%3A%20%7B%09%0A%20%20%20%20%09%09%09%09%09%09%09%09%09%09%09firstName%3A%20%22jurel%22%2C%0A%20%20%20%20%09%09%09%09%09%09%09%09%09%09%09lastName%3A%20%22martin%22%2C%0A%20%20%20%20%20%20%20%20%09%09%09%09%09%09%09%09%09email%3A%20%22try%40try.com%22%2C%20%0A%20%20%09%09%09%09%09%09%09%09%09%09%09%09password%3A%20%2212345%22%7D)%20%7B%0A%20%20%20%20_id%0A%20%20%20%20firstName%0A%20%20%20%20lastName%0A%20%20%20%20email%0A%20%20%20%20password%0A%20%20%20%20permissionLevel%0A%20%20%7D%0A%7D HTTP/1.1" 200 - "-" "Mozilla/5.0 (X11; Linux x86_64) AppleWebKit/537.36 (KHTML, like Gecko) Chrome/79.0.3945.79 Safari/537.36"
::1 - - [20/Dec/2019:05:56:21 +0000] "POST /graphql? HTTP/1.1" 200 - "http://localhost:8080/" "Mozilla/5.0 (X11; Linux x86_64) AppleWebKit/537.36 (KHTML, like Gecko) Chrome/79.0.3945.79 Safari/537.36"
::1 - - [20/Dec/2019:05:57:09 +0000] "POST /graphql? HTTP/1.1" 400 99 "http://localhost:8080/" "Mozilla/5.0 (X11; Linux x86_64) AppleWebKit/537.36 (KHTML, like Gecko) Chrome/79.0.3945.79 Safari/537.36"
::1 - - [20/Dec/2019:05:58:11 +0000] "POST /graphql? HTTP/1.1" 400 99 "http://localhost:8080/" "Mozilla/5.0 (X11; Linux x86_64) AppleWebKit/537.36 (KHTML, like Gecko) Chrome/79.0.3945.79 Safari/537.36"
::1 - - [20/Dec/2019:05:58:42 +0000] "POST /graphql? HTTP/1.1" 200 119 "http://localhost:8080/" "Mozilla/5.0 (X11; Linux x86_64) AppleWebKit/537.36 (KHTML, like Gecko) Chrome/79.0.3945.79 Safari/537.36"
::1 - - [20/Dec/2019:05:58:44 +0000] "POST /graphql? HTTP/1.1" 200 119 "http://localhost:8080/" "Mozilla/5.0 (X11; Linux x86_64) AppleWebKit/537.36 (KHTML, like Gecko) Chrome/79.0.3945.79 Safari/537.36"
::1 - - [20/Dec/2019:05:59:38 +0000] "POST /graphql? HTTP/1.1" 200 119 "http://localhost:8080/" "Mozilla/5.0 (X11; Linux x86_64) AppleWebKit/537.36 (KHTML, like Gecko) Chrome/79.0.3945.79 Safari/537.36"
::1 - - [20/Dec/2019:05:59:39 +0000] "POST /graphql? HTTP/1.1" 200 119 "http://localhost:8080/" "Mozilla/5.0 (X11; Linux x86_64) AppleWebKit/537.36 (KHTML, like Gecko) Chrome/79.0.3945.79 Safari/537.36"
::1 - - [20/Dec/2019:05:59:41 +0000] "POST /graphql? HTTP/1.1" 200 119 "http://localhost:8080/" "Mozilla/5.0 (X11; Linux x86_64) AppleWebKit/537.36 (KHTML, like Gecko) Chrome/79.0.3945.79 Safari/537.36"
::1 - - [20/Dec/2019:05:59:41 +0000] "GET /graphql?query=query%20%7B%0A%20%20getUsers%20%7B%0A%20%20%20%20_id%0A%20%20%20%20firstName%0A%20%20%20%20lastName%0A%20%20%20%20email%0A%20%20%20%20password%0A%20%20%20%20permissionLevel%0A%20%20%7D%0A%7D HTTP/1.1" 200 - "-" "Mozilla/5.0 (X11; Linux x86_64) AppleWebKit/537.36 (KHTML, like Gecko) Chrome/79.0.3945.79 Safari/537.36"
::1 - - [20/Dec/2019:05:59:41 +0000] "POST /graphql? HTTP/1.1" 200 - "http://localhost:8080/" "Mozilla/5.0 (X11; Linux x86_64) AppleWebKit/537.36 (KHTML, like Gecko) Chrome/79.0.3945.79 Safari/537.36"
::1 - - [20/Dec/2019:05:59:42 +0000] "POST /graphql? HTTP/1.1" 200 119 "http://localhost:8080/" "Mozilla/5.0 (X11; Linux x86_64) AppleWebKit/537.36 (KHTML, like Gecko) Chrome/79.0.3945.79 Safari/537.36"
::1 - - [20/Dec/2019:06:00:24 +0000] "POST /graphql? HTTP/1.1" 200 119 "http://localhost:8080/" "Mozilla/5.0 (X11; Linux x86_64) AppleWebKit/537.36 (KHTML, like Gecko) Chrome/79.0.3945.79 Safari/537.36"
::1 - - [20/Dec/2019:06:06:29 +0000] "POST /graphql? HTTP/1.1" 200 119 "http://localhost:8080/" "Mozilla/5.0 (X11; Linux x86_64) AppleWebKit/537.36 (KHTML, like Gecko) Chrome/79.0.3945.79 Safari/537.36"
::1 - - [20/Dec/2019:06:06:29 +0000] "POST /graphql? HTTP/1.1" 200 119 "http://localhost:8080/" "Mozilla/5.0 (X11; Linux x86_64) AppleWebKit/537.36 (KHTML, like Gecko) Chrome/79.0.3945.79 Safari/537.36"
::1 - - [20/Dec/2019:06:06:30 +0000] "POST /graphql? HTTP/1.1" 200 119 "http://localhost:8080/" "Mozilla/5.0 (X11; Linux x86_64) AppleWebKit/537.36 (KHTML, like Gecko) Chrome/79.0.3945.79 Safari/537.36"
::1 - - [20/Dec/2019:06:06:31 +0000] "POST /graphql? HTTP/1.1" 200 119 "http://localhost:8080/" "Mozilla/5.0 (X11; Linux x86_64) AppleWebKit/537.36 (KHTML, like Gecko) Chrome/79.0.3945.79 Safari/537.36"
::1 - - [20/Dec/2019:06:11:20 +0000] "GET /graphql?query=query%20%7B%0A%20%20getUsers%20%7B%0A%20%20%20%20_id%0A%20%20%20%20firstName%0A%20%20%20%20lastName%0A%20%20%20%20email%0A%20%20%20%20password%0A%20%20%20%20permissionLevel%0A%20%20%7D%0A%7D HTTP/1.1" 500 - "-" "Mozilla/5.0 (X11; Linux x86_64) AppleWebKit/537.36 (KHTML, like Gecko) Chrome/79.0.3945.79 Safari/537.36"
::1 - - [20/Dec/2019:06:11:21 +0000] "POST /graphql? HTTP/1.1" 200 - "http://localhost:8080/" "Mozilla/5.0 (X11; Linux x86_64) AppleWebKit/537.36 (KHTML, like Gecko) Chrome/79.0.3945.79 Safari/537.36"
::1 - - [20/Dec/2019:06:11:21 +0000] "POST /graphql? HTTP/1.1" 500 103 "http://localhost:8080/" "Mozilla/5.0 (X11; Linux x86_64) AppleWebKit/537.36 (KHTML, like Gecko) Chrome/79.0.3945.79 Safari/537.36"
::1 - - [20/Dec/2019:06:11:24 +0000] "POST /graphql? HTTP/1.1" 500 103 "http://localhost:8080/" "Mozilla/5.0 (X11; Linux x86_64) AppleWebKit/537.36 (KHTML, like Gecko) Chrome/79.0.3945.79 Safari/537.36"
::1 - - [20/Dec/2019:06:11:25 +0000] "POST /graphql? HTTP/1.1" 500 103 "http://localhost:8080/" "Mozilla/5.0 (X11; Linux x86_64) AppleWebKit/537.36 (KHTML, like Gecko) Chrome/79.0.3945.79 Safari/537.36"
::1 - - [20/Dec/2019:06:13:56 +0000] "GET /graphql?query=query%20%7B%0A%20%20getUsers%20%7B%0A%20%20%20%20_id%0A%20%20%20%20firstName%0A%20%20%20%20lastName%0A%20%20%20%20email%0A%20%20%20%20password%0A%20%20%20%20permissionLevel%0A%20%20%7D%0A%7D HTTP/1.1" 500 - "-" "Mozilla/5.0 (X11; Linux x86_64) AppleWebKit/537.36 (KHTML, like Gecko) Chrome/79.0.3945.79 Safari/537.36"
::1 - - [20/Dec/2019:06:13:56 +0000] "POST /graphql? HTTP/1.1" 200 - "http://localhost:8080/" "Mozilla/5.0 (X11; Linux x86_64) AppleWebKit/537.36 (KHTML, like Gecko) Chrome/79.0.3945.79 Safari/537.36"
::1 - - [20/Dec/2019:06:13:57 +0000] "POST /graphql? HTTP/1.1" 500 121 "http://localhost:8080/" "Mozilla/5.0 (X11; Linux x86_64) AppleWebKit/537.36 (KHTML, like Gecko) Chrome/79.0.3945.79 Safari/537.36"
::1 - - [20/Dec/2019:06:13:57 +0000] "POST /graphql? HTTP/1.1" 500 121 "http://localhost:8080/" "Mozilla/5.0 (X11; Linux x86_64) AppleWebKit/537.36 (KHTML, like Gecko) Chrome/79.0.3945.79 Safari/537.36"
::1 - - [20/Dec/2019:06:13:59 +0000] "POST /graphql? HTTP/1.1" 500 121 "http://localhost:8080/" "Mozilla/5.0 (X11; Linux x86_64) AppleWebKit/537.36 (KHTML, like Gecko) Chrome/79.0.3945.79 Safari/537.36"
::1 - - [20/Dec/2019:06:14:13 +0000] "POST /graphql? HTTP/1.1" 500 103 "http://localhost:8080/" "Mozilla/5.0 (X11; Linux x86_64) AppleWebKit/537.36 (KHTML, like Gecko) Chrome/79.0.3945.79 Safari/537.36"
::1 - - [20/Dec/2019:06:14:14 +0000] "POST /graphql? HTTP/1.1" 500 103 "http://localhost:8080/" "Mozilla/5.0 (X11; Linux x86_64) AppleWebKit/537.36 (KHTML, like Gecko) Chrome/79.0.3945.79 Safari/537.36"
::1 - - [20/Dec/2019:06:15:42 +0000] "GET /graphql?query=query%20%7B%0A%20%20getUsers%20%7B%0A%20%20%20%20users%20%7B%0A%20%20%20%20%20%20%20%20%20%20_id%0A%20%20%20%20firstName%0A%20%20%20%20lastName%0A%20%20%20%20email%0A%20%20%20%20password%0A%20%20%20%20permissionLevel%0A%20%20%20%20%7D%0A%0A%20%20%7D%0A%7D HTTP/1.1" 400 - "-" "Mozilla/5.0 (X11; Linux x86_64) AppleWebKit/537.36 (KHTML, like Gecko) Chrome/79.0.3945.79 Safari/537.36"
::1 - - [20/Dec/2019:06:15:42 +0000] "POST /graphql? HTTP/1.1" 200 - "http://localhost:8080/" "Mozilla/5.0 (X11; Linux x86_64) AppleWebKit/537.36 (KHTML, like Gecko) Chrome/79.0.3945.79 Safari/537.36"
::1 - - [20/Dec/2019:06:16:08 +0000] "POST /graphql? HTTP/1.1" 500 103 "http://localhost:8080/" "Mozilla/5.0 (X11; Linux x86_64) AppleWebKit/537.36 (KHTML, like Gecko) Chrome/79.0.3945.79 Safari/537.36"
::1 - - [20/Dec/2019:06:16:09 +0000] "POST /graphql? HTTP/1.1" 500 103 "http://localhost:8080/" "Mozilla/5.0 (X11; Linux x86_64) AppleWebKit/537.36 (KHTML, like Gecko) Chrome/79.0.3945.79 Safari/537.36"
::1 - - [20/Dec/2019:06:16:10 +0000] "POST /graphql? HTTP/1.1" 500 103 "http://localhost:8080/" "Mozilla/5.0 (X11; Linux x86_64) AppleWebKit/537.36 (KHTML, like Gecko) Chrome/79.0.3945.79 Safari/537.36"
::1 - - [20/Dec/2019:06:19:06 +0000] "GET /graphql?query=query%20%7B%0A%20%20getUsers%20%7B%0A%20%20%20%0A%20%20%20%20%20%20%20%20%20%20_id%0A%20%20%20%20firstName%0A%20%20%20%20lastName%0A%20%20%20%20email%0A%20%20%20%20password%0A%20%20%20%20permissionLevel%0A%20%20%20%20%0A%0A%20%20%7D%0A%7D HTTP/1.1" 500 - "-" "Mozilla/5.0 (X11; Linux x86_64) AppleWebKit/537.36 (KHTML, like Gecko) Chrome/79.0.3945.79 Safari/537.36"
::1 - - [20/Dec/2019:06:19:06 +0000] "POST /graphql? HTTP/1.1" 200 - "http://localhost:8080/" "Mozilla/5.0 (X11; Linux x86_64) AppleWebKit/537.36 (KHTML, like Gecko) Chrome/79.0.3945.79 Safari/537.36"
::1 - - [20/Dec/2019:06:19:08 +0000] "POST /graphql? HTTP/1.1" 500 103 "http://localhost:8080/" "Mozilla/5.0 (X11; Linux x86_64) AppleWebKit/537.36 (KHTML, like Gecko) Chrome/79.0.3945.79 Safari/537.36"
::1 - - [20/Dec/2019:06:19:08 +0000] "POST /graphql? HTTP/1.1" 500 103 "http://localhost:8080/" "Mozilla/5.0 (X11; Linux x86_64) AppleWebKit/537.36 (KHTML, like Gecko) Chrome/79.0.3945.79 Safari/537.36"
::1 - - [20/Dec/2019:06:19:09 +0000] "POST /graphql? HTTP/1.1" 500 103 "http://localhost:8080/" "Mozilla/5.0 (X11; Linux x86_64) AppleWebKit/537.36 (KHTML, like Gecko) Chrome/79.0.3945.79 Safari/537.36"
::1 - - [20/Dec/2019:06:22:11 +0000] "POST /graphql? HTTP/1.1" 500 103 "http://localhost:8080/" "Mozilla/5.0 (X11; Linux x86_64) AppleWebKit/537.36 (KHTML, like Gecko) Chrome/79.0.3945.79 Safari/537.36"
::1 - - [20/Dec/2019:06:22:12 +0000] "POST /graphql? HTTP/1.1" 500 103 "http://localhost:8080/" "Mozilla/5.0 (X11; Linux x86_64) AppleWebKit/537.36 (KHTML, like Gecko) Chrome/79.0.3945.79 Safari/537.36"
::1 - - [20/Dec/2019:06:22:12 +0000] "POST /graphql? HTTP/1.1" 500 103 "http://localhost:8080/" "Mozilla/5.0 (X11; Linux x86_64) AppleWebKit/537.36 (KHTML, like Gecko) Chrome/79.0.3945.79 Safari/537.36"
::1 - - [20/Dec/2019:06:22:13 +0000] "GET /graphql?query=query%20%7B%0A%20%20getUsers%20%7B%0A%20%20%20%0A%20%20%20%20%20%20%20%20%20%20_id%0A%20%20%20%20firstName%0A%20%20%20%20lastName%0A%20%20%20%20email%0A%20%20%20%20password%0A%20%20%20%20permissionLevel%0A%20%20%20%20%0A%0A%20%20%7D%0A%7D HTTP/1.1" 500 - "-" "Mozilla/5.0 (X11; Linux x86_64) AppleWebKit/537.36 (KHTML, like Gecko) Chrome/79.0.3945.79 Safari/537.36"
::1 - - [20/Dec/2019:06:22:13 +0000] "POST /graphql? HTTP/1.1" 200 - "http://localhost:8080/" "Mozilla/5.0 (X11; Linux x86_64) AppleWebKit/537.36 (KHTML, like Gecko) Chrome/79.0.3945.79 Safari/537.36"
::1 - - [20/Dec/2019:06:22:14 +0000] "POST /graphql? HTTP/1.1" 500 103 "http://localhost:8080/" "Mozilla/5.0 (X11; Linux x86_64) AppleWebKit/537.36 (KHTML, like Gecko) Chrome/79.0.3945.79 Safari/537.36"
::1 - - [20/Dec/2019:06:22:15 +0000] "POST /graphql? HTTP/1.1" 500 103 "http://localhost:8080/" "Mozilla/5.0 (X11; Linux x86_64) AppleWebKit/537.36 (KHTML, like Gecko) Chrome/79.0.3945.79 Safari/537.36"
::1 - - [20/Dec/2019:06:22:15 +0000] "POST /graphql? HTTP/1.1" 500 103 "http://localhost:8080/" "Mozilla/5.0 (X11; Linux x86_64) AppleWebKit/537.36 (KHTML, like Gecko) Chrome/79.0.3945.79 Safari/537.36"
::1 - - [20/Dec/2019:06:25:58 +0000] "GET /graphql?query=query%20%7B%0A%20%20getUsers%20%7B%0A%09%09User%0A%20%20%20%20%09%0A%0A%20%20%7D%0A%7D HTTP/1.1" 400 - "-" "Mozilla/5.0 (X11; Linux x86_64) AppleWebKit/537.36 (KHTML, like Gecko) Chrome/79.0.3945.79 Safari/537.36"
::1 - - [20/Dec/2019:06:25:58 +0000] "POST /graphql? HTTP/1.1" 200 - "http://localhost:8080/" "Mozilla/5.0 (X11; Linux x86_64) AppleWebKit/537.36 (KHTML, like Gecko) Chrome/79.0.3945.79 Safari/537.36"
::1 - - [20/Dec/2019:06:25:58 +0000] "GET /graphql?query=query%20%7B%0A%20%20getUsers%20%7B%0A%09%09User%0A%20%20%20%20%09%0A%0A%20%20%7D%0A%7D HTTP/1.1" 400 - "-" "Mozilla/5.0 (X11; Linux x86_64) AppleWebKit/537.36 (KHTML, like Gecko) Chrome/79.0.3945.79 Safari/537.36"
::1 - - [20/Dec/2019:06:25:59 +0000] "POST /graphql? HTTP/1.1" 200 - "http://localhost:8080/" "Mozilla/5.0 (X11; Linux x86_64) AppleWebKit/537.36 (KHTML, like Gecko) Chrome/79.0.3945.79 Safari/537.36"
::1 - - [20/Dec/2019:06:25:59 +0000] "POST /graphql? HTTP/1.1" 400 137 "http://localhost:8080/" "Mozilla/5.0 (X11; Linux x86_64) AppleWebKit/537.36 (KHTML, like Gecko) Chrome/79.0.3945.79 Safari/537.36"
::1 - - [20/Dec/2019:06:26:33 +0000] "POST /graphql? HTTP/1.1" 500 103 "http://localhost:8080/" "Mozilla/5.0 (X11; Linux x86_64) AppleWebKit/537.36 (KHTML, like Gecko) Chrome/79.0.3945.79 Safari/537.36"
::1 - - [20/Dec/2019:06:26:34 +0000] "POST /graphql? HTTP/1.1" 500 103 "http://localhost:8080/" "Mozilla/5.0 (X11; Linux x86_64) AppleWebKit/537.36 (KHTML, like Gecko) Chrome/79.0.3945.79 Safari/537.36"
::1 - - [20/Dec/2019:06:26:35 +0000] "POST /graphql? HTTP/1.1" 500 103 "http://localhost:8080/" "Mozilla/5.0 (X11; Linux x86_64) AppleWebKit/537.36 (KHTML, like Gecko) Chrome/79.0.3945.79 Safari/537.36"
::1 - - [20/Dec/2019:06:26:35 +0000] "POST /graphql? HTTP/1.1" 500 103 "http://localhost:8080/" "Mozilla/5.0 (X11; Linux x86_64) AppleWebKit/537.36 (KHTML, like Gecko) Chrome/79.0.3945.79 Safari/537.36"
::1 - - [20/Dec/2019:06:26:36 +0000] "POST /graphql? HTTP/1.1" 500 103 "http://localhost:8080/" "Mozilla/5.0 (X11; Linux x86_64) AppleWebKit/537.36 (KHTML, like Gecko) Chrome/79.0.3945.79 Safari/537.36"
::1 - - [20/Dec/2019:06:26:36 +0000] "POST /graphql? HTTP/1.1" 500 103 "http://localhost:8080/" "Mozilla/5.0 (X11; Linux x86_64) AppleWebKit/537.36 (KHTML, like Gecko) Chrome/79.0.3945.79 Safari/537.36"
::1 - - [20/Dec/2019:06:26:47 +0000] "POST /graphql? HTTP/1.1" 500 109 "http://localhost:8080/" "Mozilla/5.0 (X11; Linux x86_64) AppleWebKit/537.36 (KHTML, like Gecko) Chrome/79.0.3945.79 Safari/537.36"
::1 - - [20/Dec/2019:06:26:51 +0000] "POST /graphql? HTTP/1.1" 500 103 "http://localhost:8080/" "Mozilla/5.0 (X11; Linux x86_64) AppleWebKit/537.36 (KHTML, like Gecko) Chrome/79.0.3945.79 Safari/537.36"
::1 - - [20/Dec/2019:06:30:57 +0000] "GET /graphql?query=query%20%7B%0A%20%20getUsers%20%7B%0A%09%09users%20%7B%0A%20%20%20%20%20%20_id%0A%20%20%20%20%20%20firstName%0A%20%20%20%20%20%20lastName%0A%20%20%20%20%20%20email%0A%20%20%20%20%20%20password%0A%20%20%20%20%20%20permissionLevel%0A%20%20%20%20%7D%0A%20%20%20%20%09%0A%0A%20%20%7D%0A%7D HTTP/1.1" 500 - "-" "Mozilla/5.0 (X11; Linux x86_64) AppleWebKit/537.36 (KHTML, like Gecko) Chrome/79.0.3945.79 Safari/537.36"
::1 - - [20/Dec/2019:06:30:57 +0000] "POST /graphql? HTTP/1.1" 200 - "http://localhost:8080/" "Mozilla/5.0 (X11; Linux x86_64) AppleWebKit/537.36 (KHTML, like Gecko) Chrome/79.0.3945.79 Safari/537.36"
::1 - - [20/Dec/2019:06:30:58 +0000] "POST /graphql? HTTP/1.1" 500 103 "http://localhost:8080/" "Mozilla/5.0 (X11; Linux x86_64) AppleWebKit/537.36 (KHTML, like Gecko) Chrome/79.0.3945.79 Safari/537.36"
::1 - - [20/Dec/2019:06:30:59 +0000] "POST /graphql? HTTP/1.1" 500 103 "http://localhost:8080/" "Mozilla/5.0 (X11; Linux x86_64) AppleWebKit/537.36 (KHTML, like Gecko) Chrome/79.0.3945.79 Safari/537.36"
::1 - - [20/Dec/2019:06:31:00 +0000] "POST /graphql? HTTP/1.1" 500 103 "http://localhost:8080/" "Mozilla/5.0 (X11; Linux x86_64) AppleWebKit/537.36 (KHTML, like Gecko) Chrome/79.0.3945.79 Safari/537.36"
::1 - - [20/Dec/2019:06:31:00 +0000] "POST /graphql? HTTP/1.1" 500 103 "http://localhost:8080/" "Mozilla/5.0 (X11; Linux x86_64) AppleWebKit/537.36 (KHTML, like Gecko) Chrome/79.0.3945.79 Safari/537.36"
::1 - - [20/Dec/2019:06:31:01 +0000] "POST /graphql? HTTP/1.1" 500 103 "http://localhost:8080/" "Mozilla/5.0 (X11; Linux x86_64) AppleWebKit/537.36 (KHTML, like Gecko) Chrome/79.0.3945.79 Safari/537.36"
::1 - - [20/Dec/2019:06:31:01 +0000] "POST /graphql? HTTP/1.1" 500 103 "http://localhost:8080/" "Mozilla/5.0 (X11; Linux x86_64) AppleWebKit/537.36 (KHTML, like Gecko) Chrome/79.0.3945.79 Safari/537.36"
::1 - - [20/Dec/2019:06:32:35 +0000] "GET /graphql?query=query%20%7B%0A%20%20getUsers%20%7B%0A%09%09users%20%7B%0A%20%20%20%20%20%20_id%0A%20%20%20%20%20%20firstName%0A%20%20%20%20%20%20lastName%0A%20%20%20%20%20%20email%0A%20%20%20%20%20%20password%0A%20%20%20%20%20%20permissionLevel%0A%20%20%20%20%7D%0A%20%20%20%20%09%0A%0A%20%20%7D%0A%7D HTTP/1.1" 500 - "-" "Mozilla/5.0 (X11; Linux x86_64) AppleWebKit/537.36 (KHTML, like Gecko) Chrome/79.0.3945.79 Safari/537.36"
::1 - - [20/Dec/2019:06:32:35 +0000] "POST /graphql? HTTP/1.1" 200 - "http://localhost:8080/" "Mozilla/5.0 (X11; Linux x86_64) AppleWebKit/537.36 (KHTML, like Gecko) Chrome/79.0.3945.79 Safari/537.36"
::1 - - [20/Dec/2019:06:36:50 +0000] "GET /graphql?query=query%20%7B%0A%20%20getUsers%20%7B%0A%09%09users%20%7B%0A%20%20%20%20%20%20_id%0A%20%20%20%20%20%20firstName%0A%20%20%20%20%20%20lastName%0A%20%20%20%20%20%20email%0A%20%20%20%20%20%20password%0A%20%20%20%20%20%20permissionLevel%0A%20%20%20%20%7D%0A%20%20%20%20%09%0A%0A%20%20%7D%0A%7D HTTP/1.1" 500 - "-" "Mozilla/5.0 (X11; Linux x86_64) AppleWebKit/537.36 (KHTML, like Gecko) Chrome/79.0.3945.79 Safari/537.36"
::1 - - [20/Dec/2019:06:36:50 +0000] "POST /graphql? HTTP/1.1" 200 - "http://localhost:8080/" "Mozilla/5.0 (X11; Linux x86_64) AppleWebKit/537.36 (KHTML, like Gecko) Chrome/79.0.3945.79 Safari/537.36"
::1 - - [20/Dec/2019:06:36:52 +0000] "POST /graphql? HTTP/1.1" 500 103 "http://localhost:8080/" "Mozilla/5.0 (X11; Linux x86_64) AppleWebKit/537.36 (KHTML, like Gecko) Chrome/79.0.3945.79 Safari/537.36"
::1 - - [20/Dec/2019:06:36:53 +0000] "POST /graphql? HTTP/1.1" 500 103 "http://localhost:8080/" "Mozilla/5.0 (X11; Linux x86_64) AppleWebKit/537.36 (KHTML, like Gecko) Chrome/79.0.3945.79 Safari/537.36"
::1 - - [20/Dec/2019:06:36:54 +0000] "POST /graphql? HTTP/1.1" 500 103 "http://localhost:8080/" "Mozilla/5.0 (X11; Linux x86_64) AppleWebKit/537.36 (KHTML, like Gecko) Chrome/79.0.3945.79 Safari/537.36"
::1 - - [20/Dec/2019:06:36:54 +0000] "POST /graphql? HTTP/1.1" 500 103 "http://localhost:8080/" "Mozilla/5.0 (X11; Linux x86_64) AppleWebKit/537.36 (KHTML, like Gecko) Chrome/79.0.3945.79 Safari/537.36"
::1 - - [20/Dec/2019:06:36:56 +0000] "POST /graphql? HTTP/1.1" 500 103 "http://localhost:8080/" "Mozilla/5.0 (X11; Linux x86_64) AppleWebKit/537.36 (KHTML, like Gecko) Chrome/79.0.3945.79 Safari/537.36"
::1 - - [20/Dec/2019:06:36:56 +0000] "POST /graphql? HTTP/1.1" 500 103 "http://localhost:8080/" "Mozilla/5.0 (X11; Linux x86_64) AppleWebKit/537.36 (KHTML, like Gecko) Chrome/79.0.3945.79 Safari/537.36"
::1 - - [20/Dec/2019:06:36:56 +0000] "POST /graphql? HTTP/1.1" 500 103 "http://localhost:8080/" "Mozilla/5.0 (X11; Linux x86_64) AppleWebKit/537.36 (KHTML, like Gecko) Chrome/79.0.3945.79 Safari/537.36"
::1 - - [20/Dec/2019:06:37:09 +0000] "GET /graphql HTTP/1.1" 200 - "-" "Mozilla/5.0 (X11; Linux x86_64) AppleWebKit/537.36 (KHTML, like Gecko) Chrome/79.0.3945.79 Safari/537.36"
::1 - - [20/Dec/2019:06:37:09 +0000] "POST /graphql? HTTP/1.1" 200 - "http://localhost:8080/" "Mozilla/5.0 (X11; Linux x86_64) AppleWebKit/537.36 (KHTML, like Gecko) Chrome/79.0.3945.79 Safari/537.36"
::1 - - [20/Dec/2019:06:37:11 +0000] "POST /graphql? HTTP/1.1" 500 103 "http://localhost:8080/" "Mozilla/5.0 (X11; Linux x86_64) AppleWebKit/537.36 (KHTML, like Gecko) Chrome/79.0.3945.79 Safari/537.36"
::1 - - [20/Dec/2019:06:39:42 +0000] "POST /graphql? HTTP/1.1" 500 103 "http://localhost:8080/" "Mozilla/5.0 (X11; Linux x86_64) AppleWebKit/537.36 (KHTML, like Gecko) Chrome/79.0.3945.79 Safari/537.36"
::1 - - [20/Dec/2019:06:39:45 +0000] "POST /graphql? HTTP/1.1" 400 137 "http://localhost:8080/" "Mozilla/5.0 (X11; Linux x86_64) AppleWebKit/537.36 (KHTML, like Gecko) Chrome/79.0.3945.79 Safari/537.36"
::1 - - [20/Dec/2019:06:39:48 +0000] "POST /graphql? HTTP/1.1" 500 103 "http://localhost:8080/" "Mozilla/5.0 (X11; Linux x86_64) AppleWebKit/537.36 (KHTML, like Gecko) Chrome/79.0.3945.79 Safari/537.36"
::1 - - [20/Dec/2019:06:41:26 +0000] "GET /graphql?query=query%20%7B%0A%20%20getUsers%20%7B%0A%09%09users%20%7B%0A%20%20%20%20%20%20_id%0A%20%20%20%20%20%20firstName%0A%20%20%20%20%20%20lastName%0A%20%20%20%20%20%20email%0A%20%20%20%20%20%20password%0A%20%20%20%20%20%20permissionLevel%0A%20%20%20%20%7D%0A%0A%20%20%7D%0A%7D HTTP/1.1" 500 - "-" "Mozilla/5.0 (X11; Linux x86_64) AppleWebKit/537.36 (KHTML, like Gecko) Chrome/79.0.3945.79 Safari/537.36"
::1 - - [20/Dec/2019:06:41:27 +0000] "POST /graphql? HTTP/1.1" 200 - "http://localhost:8080/" "Mozilla/5.0 (X11; Linux x86_64) AppleWebKit/537.36 (KHTML, like Gecko) Chrome/79.0.3945.79 Safari/537.36"
::1 - - [20/Dec/2019:06:41:28 +0000] "POST /graphql? HTTP/1.1" 500 68 "http://localhost:8080/" "Mozilla/5.0 (X11; Linux x86_64) AppleWebKit/537.36 (KHTML, like Gecko) Chrome/79.0.3945.79 Safari/537.36"
::1 - - [20/Dec/2019:06:41:29 +0000] "POST /graphql? HTTP/1.1" 500 68 "http://localhost:8080/" "Mozilla/5.0 (X11; Linux x86_64) AppleWebKit/537.36 (KHTML, like Gecko) Chrome/79.0.3945.79 Safari/537.36"
::1 - - [20/Dec/2019:06:41:37 +0000] "GET /graphql?query=query%20%7B%0A%20%20getUsers%20%7B%0A%09%09users%20%7B%0A%20%20%20%20%20%20_id%0A%20%20%20%20%20%20firstName%0A%20%20%20%20%20%20lastName%0A%20%20%20%20%20%20email%0A%20%20%20%20%20%20password%0A%20%20%20%20%20%20permissionLevel%0A%20%20%20%20%7D%0A%0A%20%20%7D%0A%7D HTTP/1.1" 500 - "-" "Mozilla/5.0 (X11; Linux x86_64) AppleWebKit/537.36 (KHTML, like Gecko) Chrome/79.0.3945.79 Safari/537.36"
::1 - - [20/Dec/2019:06:41:37 +0000] "POST /graphql? HTTP/1.1" 200 - "http://localhost:8080/" "Mozilla/5.0 (X11; Linux x86_64) AppleWebKit/537.36 (KHTML, like Gecko) Chrome/79.0.3945.79 Safari/537.36"
::1 - - [20/Dec/2019:06:41:38 +0000] "POST /graphql? HTTP/1.1" 500 103 "http://localhost:8080/" "Mozilla/5.0 (X11; Linux x86_64) AppleWebKit/537.36 (KHTML, like Gecko) Chrome/79.0.3945.79 Safari/537.36"
::1 - - [20/Dec/2019:06:42:42 +0000] "GET /graphql?query=query%20%7B%0A%20%20getUsers%20%7B%0A%09%09users%20%7B%0A%20%20%20%20%20%20_id%0A%20%20%20%20%20%20firstName%0A%20%20%20%20%20%20lastName%0A%20%20%20%20%20%20email%0A%20%20%20%20%20%20password%0A%20%20%20%20%20%20permissionLevel%0A%20%20%20%20%7D%0A%0A%20%20%7D%0A%7D HTTP/1.1" 200 - "-" "Mozilla/5.0 (X11; Linux x86_64) AppleWebKit/537.36 (KHTML, like Gecko) Chrome/79.0.3945.79 Safari/537.36"
::1 - - [20/Dec/2019:06:42:42 +0000] "POST /graphql? HTTP/1.1" 200 - "http://localhost:8080/" "Mozilla/5.0 (X11; Linux x86_64) AppleWebKit/537.36 (KHTML, like Gecko) Chrome/79.0.3945.79 Safari/537.36"
::1 - - [20/Dec/2019:06:51:38 +0000] "POST /graphql HTTP/1.1" 200 1005 "-" "PostmanRuntime/7.20.1"
::1 - - [20/Dec/2019:06:52:15 +0000] "POST /graphql HTTP/1.1" 200 1005 "-" "PostmanRuntime/7.20.1"
::1 - - [20/Dec/2019:06:57:29 +0000] "GET /graphql?query=query%20%7B%0A%20%20getUsers%20%7B%0A%09%09users%20%7B%0A%20%20%20%20%20%20_id%0A%20%20%20%20%20%20firstName%0A%20%20%20%20%20%20lastName%0A%20%20%20%20%20%20email%0A%20%20%20%20%20%20password%0A%20%20%20%20%20%20permissionLevel%0A%20%20%20%20%7D%0A%0A%20%20%7D%0A%7D HTTP/1.1" 200 - "-" "Mozilla/5.0 (X11; Linux x86_64) AppleWebKit/537.36 (KHTML, like Gecko) Chrome/79.0.3945.79 Safari/537.36"
::1 - - [20/Dec/2019:06:57:29 +0000] "POST /graphql? HTTP/1.1" 200 - "http://localhost:8080/" "Mozilla/5.0 (X11; Linux x86_64) AppleWebKit/537.36 (KHTML, like Gecko) Chrome/79.0.3945.79 Safari/537.36"
::1 - - [20/Dec/2019:06:59:44 +0000] "POST /graphql? HTTP/1.1" 200 219 "http://localhost:8080/" "Mozilla/5.0 (X11; Linux x86_64) AppleWebKit/537.36 (KHTML, like Gecko) Chrome/79.0.3945.79 Safari/537.36"
::1 - - [20/Dec/2019:06:59:54 +0000] "POST /graphql? HTTP/1.1" 200 216 "http://localhost:8080/" "Mozilla/5.0 (X11; Linux x86_64) AppleWebKit/537.36 (KHTML, like Gecko) Chrome/79.0.3945.79 Safari/537.36"
::1 - - [20/Dec/2019:07:00:43 +0000] "POST /graphql HTTP/1.1" 200 216 "-" "PostmanRuntime/7.20.1"
::1 - - [20/Dec/2019:07:14:52 +0000] "GET /graphql?query=query%20%7B%0A%09getUser(id%3A%225dfb213fdfc55373765955bb%22)%7B%0A%20%20%20%20%20%20%20%20%20%20%20%20_id%0A%20%20%20%20%20%20%20%20%20%20%20%20%20%20firstName%0A%20%20%20%20%20%20%20%20%20%20%20%20%20%20lastName%0A%20%20%20%20%20%20%20%20%20%20%20%20%20%20email%0A%20%20%20%20%20%20%20%20%20%20%20%20%20%20password%0A%20%20%20%20%20%20%20%20%20%20%20%20%20%20permissionLevel%0A%20%20%7D%0A%7D HTTP/1.1" 200 - "-" "Mozilla/5.0 (X11; Linux x86_64) AppleWebKit/537.36 (KHTML, like Gecko) Chrome/79.0.3945.79 Safari/537.36"
::1 - - [20/Dec/2019:07:14:52 +0000] "POST /graphql? HTTP/1.1" 200 - "http://localhost:8080/" "Mozilla/5.0 (X11; Linux x86_64) AppleWebKit/537.36 (KHTML, like Gecko) Chrome/79.0.3945.79 Safari/537.36"
::1 - - [20/Dec/2019:07:24:21 +0000] "GET /graphql?query=mutation%20%7B%0A%09updateUser(id%3A%225dfb213fdfc55373765955bb%22%2C%20userInput%3A%20firstName)%7B%0A%20%20%09%0A%20%20%7D%0A%7D HTTP/1.1" 400 - "-" "Mozilla/5.0 (X11; Linux x86_64) AppleWebKit/537.36 (KHTML, like Gecko) Chrome/79.0.3945.79 Safari/537.36"
::1 - - [20/Dec/2019:07:24:21 +0000] "POST /graphql? HTTP/1.1" 200 - "http://localhost:8080/" "Mozilla/5.0 (X11; Linux x86_64) AppleWebKit/537.36 (KHTML, like Gecko) Chrome/79.0.3945.79 Safari/537.36"
::1 - - [20/Dec/2019:07:24:33 +0000] "GET /graphql?query=mutation%20%7B%0A%09updateUser(id%3A%225dfb213fdfc55373765955bb%22%2C%20userInput%3A%20firstName)%7B%0A%20%20%09%0A%20%20%7D%0A%7D HTTP/1.1" 400 - "-" "Mozilla/5.0 (X11; Linux x86_64) AppleWebKit/537.36 (KHTML, like Gecko) Chrome/79.0.3945.79 Safari/537.36"
::1 - - [20/Dec/2019:07:24:33 +0000] "POST /graphql? HTTP/1.1" 200 - "http://localhost:8080/" "Mozilla/5.0 (X11; Linux x86_64) AppleWebKit/537.36 (KHTML, like Gecko) Chrome/79.0.3945.79 Safari/537.36"
::1 - - [20/Dec/2019:07:33:27 +0000] "GET /graphql?query=mutation%20%7B%0A%09updateUser(id%3A%225dfb213fdfc55373765955bb%22%2CuserInput)%7B%0A%20%20%09firstName%0A%20%20%7D%0A%7D HTTP/1.1" 400 - "-" "Mozilla/5.0 (X11; Linux x86_64) AppleWebKit/537.36 (KHTML, like Gecko) Chrome/79.0.3945.79 Safari/537.36"
::1 - - [20/Dec/2019:07:33:28 +0000] "POST /graphql? HTTP/1.1" 200 - "http://localhost:8080/" "Mozilla/5.0 (X11; Linux x86_64) AppleWebKit/537.36 (KHTML, like Gecko) Chrome/79.0.3945.79 Safari/537.36"
::1 - - [20/Dec/2019:07:36:02 +0000] "POST /graphql HTTP/1.1" 400 646 "-" "PostmanRuntime/7.20.1"
::1 - - [20/Dec/2019:07:37:27 +0000] "POST /graphql HTTP/1.1" 400 379 "-" "PostmanRuntime/7.20.1"
::1 - - [20/Dec/2019:07:40:11 +0000] "POST /graphql HTTP/1.1" 400 379 "-" "PostmanRuntime/7.20.1"
::1 - - [20/Dec/2019:07:43:05 +0000] "POST /graphql HTTP/1.1" 400 379 "-" "PostmanRuntime/7.20.1"
::1 - - [20/Dec/2019:07:44:22 +0000] "POST /graphql HTTP/1.1" 500 96 "-" "PostmanRuntime/7.20.1"
::1 - - [20/Dec/2019:07:44:57 +0000] "POST /graphql HTTP/1.1" 500 96 "-" "PostmanRuntime/7.20.1"
::1 - - [20/Dec/2019:07:44:59 +0000] "POST /graphql HTTP/1.1" 500 96 "-" "PostmanRuntime/7.20.1"
::1 - - [20/Dec/2019:07:45:04 +0000] "POST /graphql HTTP/1.1" 500 96 "-" "PostmanRuntime/7.20.1"
::1 - - [20/Dec/2019:07:46:58 +0000] "POST /graphql HTTP/1.1" 500 96 "-" "PostmanRuntime/7.20.1"
::1 - - [20/Dec/2019:07:47:11 +0000] "POST /graphql HTTP/1.1" 500 96 "-" "PostmanRuntime/7.20.1"
::1 - - [20/Dec/2019:07:48:39 +0000] "POST /graphql HTTP/1.1" 500 96 "-" "PostmanRuntime/7.20.1"
::1 - - [20/Dec/2019:07:49:03 +0000] "POST /graphql HTTP/1.1" 500 96 "-" "PostmanRuntime/7.20.1"
::1 - - [20/Dec/2019:07:50:23 +0000] "POST /graphql HTTP/1.1" 500 96 "-" "PostmanRuntime/7.20.1"
::1 - - [20/Dec/2019:07:50:34 +0000] "POST /graphql? HTTP/1.1" 500 96 "http://localhost:8080/" "Mozilla/5.0 (X11; Linux x86_64) AppleWebKit/537.36 (KHTML, like Gecko) Chrome/79.0.3945.79 Safari/537.36"
::1 - - [20/Dec/2019:07:50:37 +0000] "GET /unfetch.umd.js.map HTTP/1.1" 404 157 "-" "Mozilla/5.0 (X11; Linux x86_64) AppleWebKit/537.36 (KHTML, like Gecko) Chrome/79.0.3945.79 Safari/537.36"
::1 - - [20/Dec/2019:07:50:46 +0000] "POST /graphql? HTTP/1.1" 500 96 "http://localhost:8080/" "Mozilla/5.0 (X11; Linux x86_64) AppleWebKit/537.36 (KHTML, like Gecko) Chrome/79.0.3945.79 Safari/537.36"
::1 - - [20/Dec/2019:07:52:19 +0000] "GET /graphql?query=mutation%20%7B%0A%20%20%20%20updateUser(id%3A%20%225dfb213fdfc55373765955bb%22%2C%20userInput%3A%7BfirstName%3A%20%22jurel%22%7D)%20%7B%0A%20%20%20%20_id%0A%20%20%20%20firstName%0A%20%20%20%20lastName%0A%20%20%20%20email%0A%20%20%20%20password%0A%20%20%20%20permissionLevel%0A%20%20%20%20%7D%0A%7D HTTP/1.1" 200 - "-" "Mozilla/5.0 (X11; Linux x86_64) AppleWebKit/537.36 (KHTML, like Gecko) Chrome/79.0.3945.79 Safari/537.36"
::1 - - [20/Dec/2019:07:52:19 +0000] "POST /graphql? HTTP/1.1" 200 - "http://localhost:8080/" "Mozilla/5.0 (X11; Linux x86_64) AppleWebKit/537.36 (KHTML, like Gecko) Chrome/79.0.3945.79 Safari/537.36"
::1 - - [20/Dec/2019:07:52:23 +0000] "POST /graphql? HTTP/1.1" 500 96 "http://localhost:8080/" "Mozilla/5.0 (X11; Linux x86_64) AppleWebKit/537.36 (KHTML, like Gecko) Chrome/79.0.3945.79 Safari/537.36"
::1 - - [20/Dec/2019:07:52:28 +0000] "GET /unfetch.umd.js.map HTTP/1.1" 404 157 "-" "Mozilla/5.0 (X11; Linux x86_64) AppleWebKit/537.36 (KHTML, like Gecko) Chrome/79.0.3945.79 Safari/537.36"
::1 - - [20/Dec/2019:07:52:33 +0000] "POST /graphql? HTTP/1.1" 500 96 "http://localhost:8080/" "Mozilla/5.0 (X11; Linux x86_64) AppleWebKit/537.36 (KHTML, like Gecko) Chrome/79.0.3945.79 Safari/537.36"
::1 - - [20/Dec/2019:07:53:21 +0000] "POST /graphql? HTTP/1.1" 500 96 "http://localhost:8080/" "Mozilla/5.0 (X11; Linux x86_64) AppleWebKit/537.36 (KHTML, like Gecko) Chrome/79.0.3945.79 Safari/537.36"
::1 - - [20/Dec/2019:07:53:22 +0000] "POST /graphql? HTTP/1.1" 500 96 "http://localhost:8080/" "Mozilla/5.0 (X11; Linux x86_64) AppleWebKit/537.36 (KHTML, like Gecko) Chrome/79.0.3945.79 Safari/537.36"
::1 - - [20/Dec/2019:07:54:50 +0000] "POST /graphql HTTP/1.1" 500 96 "-" "PostmanRuntime/7.20.1"
::1 - - [20/Dec/2019:07:54:55 +0000] "POST /graphql? HTTP/1.1" 500 96 "http://localhost:8080/" "Mozilla/5.0 (X11; Linux x86_64) AppleWebKit/537.36 (KHTML, like Gecko) Chrome/79.0.3945.79 Safari/537.36"
::1 - - [20/Dec/2019:07:54:55 +0000] "POST /graphql? HTTP/1.1" 500 96 "http://localhost:8080/" "Mozilla/5.0 (X11; Linux x86_64) AppleWebKit/537.36 (KHTML, like Gecko) Chrome/79.0.3945.79 Safari/537.36"
::1 - - [20/Dec/2019:07:56:22 +0000] "POST /graphql HTTP/1.1" 500 96 "-" "PostmanRuntime/7.20.1"
::1 - - [20/Dec/2019:07:56:43 +0000] "POST /graphql HTTP/1.1" 500 96 "-" "PostmanRuntime/7.20.1"
::1 - - [20/Dec/2019:07:58:03 +0000] "POST /graphql HTTP/1.1" 500 96 "-" "PostmanRuntime/7.20.1"
::1 - - [20/Dec/2019:07:58:24 +0000] "POST /graphql HTTP/1.1" 500 96 "-" "PostmanRuntime/7.20.1"
::1 - - [20/Dec/2019:07:58:29 +0000] "POST /graphql HTTP/1.1" 500 93 "-" "PostmanRuntime/7.20.1"
::1 - - [20/Dec/2019:07:58:44 +0000] "POST /graphql? HTTP/1.1" 500 93 "http://localhost:8080/" "Mozilla/5.0 (X11; Linux x86_64) AppleWebKit/537.36 (KHTML, like Gecko) Chrome/79.0.3945.79 Safari/537.36"
::1 - - [20/Dec/2019:07:59:28 +0000] "POST /graphql HTTP/1.1" 500 93 "-" "PostmanRuntime/7.20.1"
::1 - - [20/Dec/2019:07:59:41 +0000] "POST /graphql HTTP/1.1" 500 93 "-" "PostmanRuntime/7.20.1"
::1 - - [20/Dec/2019:08:02:09 +0000] "POST /graphql HTTP/1.1" 500 93 "-" "PostmanRuntime/7.20.1"
::1 - - [20/Dec/2019:08:02:19 +0000] "POST /graphql HTTP/1.1" 500 93 "-" "PostmanRuntime/7.20.1"
::1 - - [20/Dec/2019:08:02:34 +0000] "POST /graphql HTTP/1.1" 500 93 "-" "PostmanRuntime/7.20.1"
::1 - - [20/Dec/2019:08:03:46 +0000] "POST /graphql HTTP/1.1" 500 93 "-" "PostmanRuntime/7.20.1"
::1 - - [20/Dec/2019:08:05:30 +0000] "POST /graphql HTTP/1.1" 500 93 "-" "PostmanRuntime/7.20.1"
::1 - - [20/Dec/2019:08:21:19 +0000] "POST /graphql HTTP/1.1" 500 93 "-" "PostmanRuntime/7.20.1"
::1 - - [20/Dec/2019:08:24:19 +0000] "POST /graphql HTTP/1.1" 500 93 "-" "PostmanRuntime/7.20.1"
::1 - - [20/Dec/2019:08:24:21 +0000] "POST /graphql HTTP/1.1" 500 93 "-" "PostmanRuntime/7.20.1"
::1 - - [22/Dec/2019:09:28:00 +0000] "POST /graphql HTTP/1.1" 200 1005 "-" "PostmanRuntime/7.20.1"
::1 - - [22/Dec/2019:09:28:11 +0000] "POST /graphql HTTP/1.1" 200 216 "-" "PostmanRuntime/7.20.1"
::1 - - [22/Dec/2019:09:29:36 +0000] "POST /graphql HTTP/1.1" 500 93 "-" "PostmanRuntime/7.20.1"
::1 - - [22/Dec/2019:09:30:24 +0000] "POST /graphql HTTP/1.1" 500 93 "-" "PostmanRuntime/7.20.1"
::1 - - [22/Dec/2019:09:30:25 +0000] "POST /graphql HTTP/1.1" 500 93 "-" "PostmanRuntime/7.20.1"
::1 - - [22/Dec/2019:09:30:26 +0000] "POST /graphql HTTP/1.1" 500 93 "-" "PostmanRuntime/7.20.1"
::1 - - [22/Dec/2019:09:30:26 +0000] "POST /graphql HTTP/1.1" 500 93 "-" "PostmanRuntime/7.20.1"
::1 - - [22/Dec/2019:09:30:33 +0000] "POST /graphql HTTP/1.1" 500 93 "-" "PostmanRuntime/7.20.1"
::1 - - [22/Dec/2019:09:30:34 +0000] "POST /graphql HTTP/1.1" 500 93 "-" "PostmanRuntime/7.20.1"
::1 - - [22/Dec/2019:09:30:34 +0000] "POST /graphql HTTP/1.1" 500 93 "-" "PostmanRuntime/7.20.1"
::1 - - [22/Dec/2019:09:30:35 +0000] "POST /graphql HTTP/1.1" 500 93 "-" "PostmanRuntime/7.20.1"
::1 - - [22/Dec/2019:09:31:44 +0000] "POST /graphql HTTP/1.1" 500 93 "-" "PostmanRuntime/7.20.1"
::1 - - [22/Dec/2019:09:31:44 +0000] "POST /graphql HTTP/1.1" 500 93 "-" "PostmanRuntime/7.20.1"
::1 - - [22/Dec/2019:09:31:45 +0000] "POST /graphql HTTP/1.1" 500 93 "-" "PostmanRuntime/7.20.1"
::1 - - [22/Dec/2019:09:32:13 +0000] "POST /graphql HTTP/1.1" 500 93 "-" "PostmanRuntime/7.20.1"
::1 - - [22/Dec/2019:09:33:46 +0000] "POST /graphql HTTP/1.1" 500 93 "-" "PostmanRuntime/7.20.1"
::1 - - [22/Dec/2019:09:33:47 +0000] "POST /graphql HTTP/1.1" 500 93 "-" "PostmanRuntime/7.20.1"
::1 - - [22/Dec/2019:09:33:48 +0000] "POST /graphql HTTP/1.1" 500 93 "-" "PostmanRuntime/7.20.1"
::1 - - [22/Dec/2019:09:33:52 +0000] "POST /graphql HTTP/1.1" 500 93 "-" "PostmanRuntime/7.20.1"
::1 - - [22/Dec/2019:09:33:52 +0000] "POST /graphql HTTP/1.1" 500 93 "-" "PostmanRuntime/7.20.1"
::1 - - [22/Dec/2019:09:33:53 +0000] "POST /graphql HTTP/1.1" 500 93 "-" "PostmanRuntime/7.20.1"
::1 - - [22/Dec/2019:09:33:54 +0000] "POST /graphql HTTP/1.1" 500 93 "-" "PostmanRuntime/7.20.1"
::1 - - [22/Dec/2019:09:36:11 +0000] "POST /graphql HTTP/1.1" 500 93 "-" "PostmanRuntime/7.20.1"
::1 - - [22/Dec/2019:09:36:14 +0000] "POST /graphql HTTP/1.1" 500 93 "-" "PostmanRuntime/7.20.1"
::1 - - [22/Dec/2019:09:37:24 +0000] "POST /graphql HTTP/1.1" 500 93 "-" "PostmanRuntime/7.20.1"
::1 - - [22/Dec/2019:09:37:25 +0000] "POST /graphql HTTP/1.1" 500 93 "-" "PostmanRuntime/7.20.1"
::1 - - [22/Dec/2019:09:37:26 +0000] "POST /graphql HTTP/1.1" 500 93 "-" "PostmanRuntime/7.20.1"
::1 - - [22/Dec/2019:09:37:32 +0000] "POST /graphql HTTP/1.1" 500 93 "-" "PostmanRuntime/7.20.1"
::1 - - [22/Dec/2019:09:37:33 +0000] "POST /graphql HTTP/1.1" 500 93 "-" "PostmanRuntime/7.20.1"
::1 - - [22/Dec/2019:09:37:45 +0000] "POST /graphql HTTP/1.1" 500 93 "-" "PostmanRuntime/7.20.1"
::1 - - [22/Dec/2019:09:37:47 +0000] "POST /graphql HTTP/1.1" 500 93 "-" "PostmanRuntime/7.20.1"
::1 - - [22/Dec/2019:09:42:01 +0000] "POST /graphql HTTP/1.1" 500 148 "-" "PostmanRuntime/7.20.1"
::1 - - [22/Dec/2019:09:42:03 +0000] "POST /graphql HTTP/1.1" 500 148 "-" "PostmanRuntime/7.20.1"
::1 - - [22/Dec/2019:09:44:25 +0000] "GET /graphql HTTP/1.1" 200 - "-" "Mozilla/5.0 (X11; Linux x86_64) AppleWebKit/537.36 (KHTML, like Gecko) Chrome/79.0.3945.88 Safari/537.36"
::1 - - [22/Dec/2019:09:44:26 +0000] "POST /graphql? HTTP/1.1" 200 - "http://localhost:8080/" "Mozilla/5.0 (X11; Linux x86_64) AppleWebKit/537.36 (KHTML, like Gecko) Chrome/79.0.3945.88 Safari/537.36"
::1 - - [22/Dec/2019:09:44:26 +0000] "GET /favicon.ico HTTP/1.1" 404 150 "http://localhost:8080/" "Mozilla/5.0 (X11; Linux x86_64) AppleWebKit/537.36 (KHTML, like Gecko) Chrome/79.0.3945.88 Safari/537.36"
::1 - - [22/Dec/2019:09:47:07 +0000] "POST /graphql HTTP/1.1" 500 149 "-" "PostmanRuntime/7.20.1"
::1 - - [22/Dec/2019:09:47:08 +0000] "POST /graphql HTTP/1.1" 500 149 "-" "PostmanRuntime/7.20.1"
::1 - - [22/Dec/2019:09:47:08 +0000] "POST /graphql HTTP/1.1" 500 149 "-" "PostmanRuntime/7.20.1"
::1 - - [22/Dec/2019:09:49:18 +0000] "POST /graphql HTTP/1.1" 500 93 "-" "PostmanRuntime/7.20.1"
::1 - - [22/Dec/2019:09:49:20 +0000] "POST /graphql HTTP/1.1" 500 93 "-" "PostmanRuntime/7.20.1"
::1 - - [22/Dec/2019:09:49:26 +0000] "POST /graphql HTTP/1.1" 500 71 "-" "PostmanRuntime/7.20.1"
::1 - - [22/Dec/2019:09:49:33 +0000] "POST /graphql HTTP/1.1" 500 93 "-" "PostmanRuntime/7.20.1"
::1 - - [22/Dec/2019:09:49:34 +0000] "POST /graphql HTTP/1.1" 500 93 "-" "PostmanRuntime/7.20.1"
::1 - - [22/Dec/2019:09:50:00 +0000] "POST /graphql HTTP/1.1" 500 93 "-" "PostmanRuntime/7.20.1"
::1 - - [22/Dec/2019:09:51:38 +0000] "POST /graphql HTTP/1.1" 500 93 "-" "PostmanRuntime/7.20.1"
::1 - - [22/Dec/2019:09:51:38 +0000] "POST /graphql HTTP/1.1" 500 93 "-" "PostmanRuntime/7.20.1"
::1 - - [22/Dec/2019:09:51:42 +0000] "POST /graphql HTTP/1.1" 500 148 "-" "PostmanRuntime/7.20.1"
::1 - - [22/Dec/2019:09:51:43 +0000] "POST /graphql HTTP/1.1" 500 148 "-" "PostmanRuntime/7.20.1"
::1 - - [22/Dec/2019:09:51:43 +0000] "POST /graphql HTTP/1.1" 500 148 "-" "PostmanRuntime/7.20.1"
::1 - - [22/Dec/2019:09:51:52 +0000] "POST /graphql HTTP/1.1" 500 148 "-" "PostmanRuntime/7.20.1"
::1 - - [22/Dec/2019:09:51:53 +0000] "POST /graphql HTTP/1.1" 500 148 "-" "PostmanRuntime/7.20.1"
::1 - - [22/Dec/2019:09:51:55 +0000] "POST /graphql HTTP/1.1" 500 93 "-" "PostmanRuntime/7.20.1"
::1 - - [22/Dec/2019:09:53:00 +0000] "POST /graphql HTTP/1.1" 500 93 "-" "PostmanRuntime/7.20.1"
::1 - - [22/Dec/2019:09:53:01 +0000] "POST /graphql HTTP/1.1" 500 93 "-" "PostmanRuntime/7.20.1"
::1 - - [22/Dec/2019:09:53:02 +0000] "POST /graphql HTTP/1.1" 500 93 "-" "PostmanRuntime/7.20.1"
::1 - - [22/Dec/2019:09:53:04 +0000] "POST /graphql HTTP/1.1" 500 152 "-" "PostmanRuntime/7.20.1"
::1 - - [22/Dec/2019:09:53:05 +0000] "POST /graphql HTTP/1.1" 500 152 "-" "PostmanRuntime/7.20.1"
::1 - - [22/Dec/2019:09:53:08 +0000] "POST /graphql HTTP/1.1" 500 93 "-" "PostmanRuntime/7.20.1"
::1 - - [22/Dec/2019:09:53:43 +0000] "POST /graphql HTTP/1.1" 500 93 "-" "PostmanRuntime/7.20.1"
::1 - - [22/Dec/2019:09:53:44 +0000] "POST /graphql HTTP/1.1" 500 93 "-" "PostmanRuntime/7.20.1"
::1 - - [22/Dec/2019:09:53:45 +0000] "POST /graphql HTTP/1.1" 500 93 "-" "PostmanRuntime/7.20.1"
::1 - - [22/Dec/2019:09:53:50 +0000] "POST /graphql HTTP/1.1" 500 93 "-" "PostmanRuntime/7.20.1"
::1 - - [22/Dec/2019:09:53:51 +0000] "POST /graphql HTTP/1.1" 500 93 "-" "PostmanRuntime/7.20.1"
::1 - - [22/Dec/2019:09:53:51 +0000] "POST /graphql HTTP/1.1" 500 93 "-" "PostmanRuntime/7.20.1"
::1 - - [22/Dec/2019:09:54:05 +0000] "POST /graphql HTTP/1.1" 200 108 "-" "PostmanRuntime/7.20.1"
::1 - - [22/Dec/2019:09:54:06 +0000] "POST /graphql HTTP/1.1" 200 108 "-" "PostmanRuntime/7.20.1"
::1 - - [22/Dec/2019:09:54:06 +0000] "POST /graphql HTTP/1.1" 200 108 "-" "PostmanRuntime/7.20.1"
::1 - - [22/Dec/2019:09:54:12 +0000] "POST /graphql HTTP/1.1" 200 108 "-" "PostmanRuntime/7.20.1"
::1 - - [22/Dec/2019:10:01:10 +0000] "POST /graphql HTTP/1.1" 200 108 "-" "PostmanRuntime/7.20.1"
::1 - - [22/Dec/2019:10:01:11 +0000] "POST /graphql HTTP/1.1" 200 108 "-" "PostmanRuntime/7.20.1"
::1 - - [22/Dec/2019:10:01:12 +0000] "POST /graphql HTTP/1.1" 200 108 "-" "PostmanRuntime/7.20.1"
::1 - - [22/Dec/2019:10:01:13 +0000] "POST /graphql HTTP/1.1" 200 108 "-" "PostmanRuntime/7.20.1"
::1 - - [22/Dec/2019:10:01:15 +0000] "POST /graphql HTTP/1.1" 200 108 "-" "PostmanRuntime/7.20.1"
::1 - - [22/Dec/2019:10:01:16 +0000] "POST /graphql] HTTP/1.1" 404 148 "-" "PostmanRuntime/7.20.1"
::1 - - [22/Dec/2019:10:01:21 +0000] "POST /graphql] HTTP/1.1" 404 148 "-" "PostmanRuntime/7.20.1"
::1 - - [22/Dec/2019:10:01:22 +0000] "POST /graphql] HTTP/1.1" 404 148 "-" "PostmanRuntime/7.20.1"
::1 - - [22/Dec/2019:10:01:25 +0000] "POST /graphql] HTTP/1.1" 404 148 "-" "PostmanRuntime/7.20.1"
::1 - - [22/Dec/2019:10:01:28 +0000] "POST /graphql HTTP/1.1" 200 108 "-" "PostmanRuntime/7.20.1"
::1 - - [22/Dec/2019:10:01:35 +0000] "POST /graphql HTTP/1.1" 200 108 "-" "PostmanRuntime/7.20.1"
::1 - - [22/Dec/2019:10:01:39 +0000] "POST /graphql HTTP/1.1" 400 99 "-" "PostmanRuntime/7.20.1"
::1 - - [22/Dec/2019:10:01:48 +0000] "POST /graphql HTTP/1.1" 400 173 "-" "PostmanRuntime/7.20.1"
::1 - - [22/Dec/2019:10:01:50 +0000] "POST /graphql HTTP/1.1" 400 173 "-" "PostmanRuntime/7.20.1"
::1 - - [22/Dec/2019:10:01:59 +0000] "POST /graphql HTTP/1.1" 200 108 "-" "PostmanRuntime/7.20.1"
::1 - - [22/Dec/2019:10:03:14 +0000] "POST /graphql HTTP/1.1" 200 108 "-" "PostmanRuntime/7.20.1"
::1 - - [22/Dec/2019:10:03:15 +0000] "POST /graphql HTTP/1.1" 200 108 "-" "PostmanRuntime/7.20.1"
::1 - - [22/Dec/2019:10:03:16 +0000] "POST /graphql HTTP/1.1" 200 108 "-" "PostmanRuntime/7.20.1"
::1 - - [22/Dec/2019:10:03:56 +0000] "POST /graphql HTTP/1.1" 200 108 "-" "PostmanRuntime/7.20.1"
::1 - - [22/Dec/2019:10:04:28 +0000] "POST /graphql HTTP/1.1" 200 108 "-" "PostmanRuntime/7.20.1"
::1 - - [22/Dec/2019:10:04:55 +0000] "POST /graphql HTTP/1.1" 200 108 "-" "PostmanRuntime/7.20.1"
::1 - - [22/Dec/2019:10:05:30 +0000] "POST /graphql HTTP/1.1" 200 108 "-" "PostmanRuntime/7.20.1"
::1 - - [22/Dec/2019:10:05:31 +0000] "POST /graphql HTTP/1.1" 200 108 "-" "PostmanRuntime/7.20.1"
::1 - - [22/Dec/2019:10:05:42 +0000] "POST /graphql HTTP/1.1" 200 108 "-" "PostmanRuntime/7.20.1"
::1 - - [22/Dec/2019:10:06:05 +0000] "POST /graphql HTTP/1.1" 200 108 "-" "PostmanRuntime/7.20.1"
::1 - - [22/Dec/2019:10:06:06 +0000] "POST /graphql HTTP/1.1" 200 108 "-" "PostmanRuntime/7.20.1"
::1 - - [22/Dec/2019:10:06:39 +0000] "POST /graphql HTTP/1.1" 200 108 "-" "PostmanRuntime/7.20.1"
::1 - - [22/Dec/2019:10:06:41 +0000] "POST /graphql HTTP/1.1" 200 108 "-" "PostmanRuntime/7.20.1"
::1 - - [22/Dec/2019:10:06:48 +0000] "POST /graphql HTTP/1.1" 200 108 "-" "PostmanRuntime/7.20.1"
::1 - - [22/Dec/2019:10:06:49 +0000] "POST /graphql HTTP/1.1" 200 108 "-" "PostmanRuntime/7.20.1"
::1 - - [22/Dec/2019:10:07:58 +0000] "POST /graphql HTTP/1.1" 200 108 "-" "PostmanRuntime/7.20.1"
::1 - - [22/Dec/2019:10:10:26 +0000] "POST /graphql HTTP/1.1" 200 108 "-" "PostmanRuntime/7.20.1"
::1 - - [22/Dec/2019:10:10:27 +0000] "POST /graphql HTTP/1.1" 200 108 "-" "PostmanRuntime/7.20.1"
::1 - - [22/Dec/2019:10:10:29 +0000] "POST /graphql HTTP/1.1" 200 108 "-" "PostmanRuntime/7.20.1"
::1 - - [22/Dec/2019:10:14:13 +0000] "POST /graphql HTTP/1.1" 200 28 "-" "PostmanRuntime/7.20.1"
::1 - - [22/Dec/2019:10:14:14 +0000] "POST /graphql HTTP/1.1" 200 28 "-" "PostmanRuntime/7.20.1"
::1 - - [22/Dec/2019:10:14:19 +0000] "POST /graphql HTTP/1.1" 200 163 "-" "PostmanRuntime/7.20.1"
::1 - - [22/Dec/2019:10:14:20 +0000] "POST /graphql HTTP/1.1" 200 163 "-" "PostmanRuntime/7.20.1"
::1 - - [22/Dec/2019:10:15:04 +0000] "POST /graphql HTTP/1.1" 200 163 "-" "PostmanRuntime/7.20.1"
::1 - - [22/Dec/2019:10:15:05 +0000] "POST /graphql HTTP/1.1" 200 163 "-" "PostmanRuntime/7.20.1"
::1 - - [22/Dec/2019:10:15:05 +0000] "POST /graphql HTTP/1.1" 200 163 "-" "PostmanRuntime/7.20.1"
::1 - - [22/Dec/2019:10:15:18 +0000] "POST /graphql HTTP/1.1" 500 148 "-" "PostmanRuntime/7.20.1"
::1 - - [22/Dec/2019:10:15:19 +0000] "POST /graphql HTTP/1.1" 500 148 "-" "PostmanRuntime/7.20.1"
::1 - - [22/Dec/2019:10:15:20 +0000] "POST /graphql HTTP/1.1" 500 148 "-" "PostmanRuntime/7.20.1"
::1 - - [22/Dec/2019:10:15:21 +0000] "POST /graphql HTTP/1.1" 500 148 "-" "PostmanRuntime/7.20.1"
::1 - - [22/Dec/2019:10:15:21 +0000] "POST /graphql HTTP/1.1" 500 148 "-" "PostmanRuntime/7.20.1"
::1 - - [22/Dec/2019:10:15:22 +0000] "POST /graphql HTTP/1.1" 500 148 "-" "PostmanRuntime/7.20.1"
::1 - - [22/Dec/2019:10:22:26 +0000] "POST /graphql HTTP/1.1" 500 149 "-" "PostmanRuntime/7.20.1"
::1 - - [22/Dec/2019:10:22:34 +0000] "POST /graphql HTTP/1.1" 500 150 "-" "PostmanRuntime/7.20.1"
::1 - - [22/Dec/2019:10:22:35 +0000] "POST /graphql HTTP/1.1" 500 150 "-" "PostmanRuntime/7.20.1"
::1 - - [22/Dec/2019:10:30:14 +0000] "POST /graphql HTTP/1.1" 500 150 "-" "PostmanRuntime/7.20.1"
::1 - - [22/Dec/2019:10:30:15 +0000] "POST /graphql HTTP/1.1" 500 150 "-" "PostmanRuntime/7.20.1"
::1 - - [22/Dec/2019:10:30:16 +0000] "POST /graphql HTTP/1.1" 500 150 "-" "PostmanRuntime/7.20.1"
::1 - - [22/Dec/2019:10:30:21 +0000] "POST /graphql HTTP/1.1" 500 150 "-" "PostmanRuntime/7.20.1"
::1 - - [22/Dec/2019:10:30:21 +0000] "POST /graphql HTTP/1.1" 500 150 "-" "PostmanRuntime/7.20.1"
::1 - - [22/Dec/2019:10:30:22 +0000] "POST /graphql HTTP/1.1" 500 150 "-" "PostmanRuntime/7.20.1"
::1 - - [22/Dec/2019:10:30:39 +0000] "POST /graphql HTTP/1.1" 500 71 "-" "PostmanRuntime/7.20.1"
::1 - - [22/Dec/2019:10:30:40 +0000] "POST /graphql HTTP/1.1" 500 71 "-" "PostmanRuntime/7.20.1"
::1 - - [22/Dec/2019:10:30:41 +0000] "POST /graphql HTTP/1.1" 500 71 "-" "PostmanRuntime/7.20.1"
::1 - - [22/Dec/2019:10:30:43 +0000] "POST /graphql HTTP/1.1" 500 71 "-" "PostmanRuntime/7.20.1"
::1 - - [22/Dec/2019:10:30:55 +0000] "POST /graphql HTTP/1.1" 500 71 "-" "PostmanRuntime/7.20.1"
::1 - - [22/Dec/2019:10:30:56 +0000] "POST /graphql HTTP/1.1" 500 71 "-" "PostmanRuntime/7.20.1"
::1 - - [22/Dec/2019:10:30:57 +0000] "POST /graphql HTTP/1.1" 500 71 "-" "PostmanRuntime/7.20.1"
::1 - - [22/Dec/2019:10:31:22 +0000] "POST /graphql HTTP/1.1" 500 71 "-" "PostmanRuntime/7.20.1"
::1 - - [22/Dec/2019:10:31:23 +0000] "POST /graphql HTTP/1.1" 500 71 "-" "PostmanRuntime/7.20.1"
::1 - - [22/Dec/2019:10:33:28 +0000] "POST /graphql HTTP/1.1" 500 71 "-" "PostmanRuntime/7.20.1"
::1 - - [22/Dec/2019:10:33:28 +0000] "POST /graphql HTTP/1.1" 500 71 "-" "PostmanRuntime/7.20.1"
::1 - - [22/Dec/2019:10:33:29 +0000] "POST /graphql HTTP/1.1" 500 71 "-" "PostmanRuntime/7.20.1"
::1 - - [22/Dec/2019:10:33:55 +0000] "POST /graphql HTTP/1.1" 500 71 "-" "PostmanRuntime/7.20.1"
::1 - - [22/Dec/2019:10:33:56 +0000] "POST /graphql HTTP/1.1" 500 71 "-" "PostmanRuntime/7.20.1"
::1 - - [22/Dec/2019:10:33:57 +0000] "POST /graphql HTTP/1.1" 500 71 "-" "PostmanRuntime/7.20.1"
::1 - - [22/Dec/2019:10:34:02 +0000] "POST /graphql HTTP/1.1" 500 71 "-" "PostmanRuntime/7.20.1"
::1 - - [22/Dec/2019:10:34:03 +0000] "POST /graphql HTTP/1.1" 500 71 "-" "PostmanRuntime/7.20.1"
::1 - - [22/Dec/2019:10:34:04 +0000] "POST /graphql HTTP/1.1" 500 71 "-" "PostmanRuntime/7.20.1"
::1 - - [22/Dec/2019:10:34:10 +0000] "POST /graphql HTTP/1.1" 500 71 "-" "PostmanRuntime/7.20.1"
::1 - - [22/Dec/2019:10:36:37 +0000] "POST /graphql HTTP/1.1" 200 213 "-" "PostmanRuntime/7.20.1"
::1 - - [22/Dec/2019:10:37:27 +0000] "POST /graphql HTTP/1.1" 200 213 "-" "PostmanRuntime/7.20.1"
::1 - - [22/Dec/2019:10:37:33 +0000] "POST /graphql HTTP/1.1" 200 214 "-" "PostmanRuntime/7.20.1"
::1 - - [22/Dec/2019:10:37:44 +0000] "POST /graphql HTTP/1.1" 200 214 "-" "PostmanRuntime/7.20.1"
::1 - - [22/Dec/2019:10:39:00 +0000] "POST /graphql HTTP/1.1" 200 141 "-" "PostmanRuntime/7.20.1"
::1 - - [22/Dec/2019:10:39:40 +0000] "POST /graphql HTTP/1.1" 500 72 "-" "PostmanRuntime/7.20.1"
::1 - - [22/Dec/2019:10:39:56 +0000] "POST /graphql HTTP/1.1" 200 141 "-" "PostmanRuntime/7.20.1"
::1 - - [22/Dec/2019:10:40:47 +0000] "POST /graphql HTTP/1.1" 200 141 "-" "PostmanRuntime/7.20.1"
::1 - - [22/Dec/2019:10:42:10 +0000] "POST /graphql HTTP/1.1" 500 150 "-" "PostmanRuntime/7.20.1"
::1 - - [22/Dec/2019:10:42:26 +0000] "POST /graphql HTTP/1.1" 200 138 "-" "PostmanRuntime/7.20.1"
::1 - - [22/Dec/2019:10:42:34 +0000] "POST /graphql HTTP/1.1" 200 211 "-" "PostmanRuntime/7.20.1"
::1 - - [22/Dec/2019:10:42:38 +0000] "POST /graphql HTTP/1.1" 500 150 "-" "PostmanRuntime/7.20.1"
::1 - - [22/Dec/2019:10:42:40 +0000] "POST /graphql HTTP/1.1" 200 211 "-" "PostmanRuntime/7.20.1"
::1 - - [22/Dec/2019:10:46:56 +0000] "POST /graphql HTTP/1.1" 200 146 "-" "PostmanRuntime/7.20.1"
::1 - - [22/Dec/2019:10:48:15 +0000] "POST /graphql HTTP/1.1" 200 211 "-" "PostmanRuntime/7.20.1"
::1 - - [22/Dec/2019:10:48:29 +0000] "POST /graphql HTTP/1.1" 200 213 "-" "PostmanRuntime/7.20.1"
::1 - - [22/Dec/2019:10:48:38 +0000] "POST /graphql HTTP/1.1" 200 217 "-" "PostmanRuntime/7.20.1"
::1 - - [22/Dec/2019:11:02:14 +0000] "GET /graphql HTTP/1.1" 200 - "-" "Mozilla/5.0 (X11; Linux x86_64) AppleWebKit/537.36 (KHTML, like Gecko) Chrome/79.0.3945.88 Safari/537.36"
::1 - - [22/Dec/2019:11:02:14 +0000] "POST /graphql? HTTP/1.1" 200 - "http://localhost:8080/" "Mozilla/5.0 (X11; Linux x86_64) AppleWebKit/537.36 (KHTML, like Gecko) Chrome/79.0.3945.88 Safari/537.36"
::1 - - [22/Dec/2019:11:02:50 +0000] "POST /graphql HTTP/1.1" 200 214 "-" "PostmanRuntime/7.20.1"
::1 - - [22/Dec/2019:11:03:55 +0000] "POST /graphql HTTP/1.1" 500 71 "-" "PostmanRuntime/7.20.1"
::1 - - [22/Dec/2019:11:04:15 +0000] "POST /graphql HTTP/1.1" 500 72 "-" "PostmanRuntime/7.20.1"
::1 - - [22/Dec/2019:11:04:33 +0000] "POST /graphql HTTP/1.1" 200 220 "-" "PostmanRuntime/7.20.1"
::1 - - [22/Dec/2019:11:04:58 +0000] "POST /graphql HTTP/1.1" 200 211 "-" "PostmanRuntime/7.20.1"
::1 - - [22/Dec/2019:11:06:25 +0000] "POST /graphql HTTP/1.1" 200 219 "-" "PostmanRuntime/7.20.1"
::1 - - [22/Dec/2019:11:08:14 +0000] "POST /graphql HTTP/1.1" 500 93 "-" "PostmanRuntime/7.20.1"
::1 - - [22/Dec/2019:11:08:15 +0000] "POST /graphql HTTP/1.1" 500 93 "-" "PostmanRuntime/7.20.1"
::1 - - [22/Dec/2019:11:08:36 +0000] "POST /graphql HTTP/1.1" 200 215 "-" "PostmanRuntime/7.20.1"
::1 - - [22/Dec/2019:11:09:13 +0000] "POST /graphql HTTP/1.1" 200 215 "-" "PostmanRuntime/7.20.1"
::1 - - [22/Dec/2019:11:09:14 +0000] "POST /graphql HTTP/1.1" 200 215 "-" "PostmanRuntime/7.20.1"
::1 - - [22/Dec/2019:11:09:21 +0000] "POST /graphql HTTP/1.1" 200 215 "-" "PostmanRuntime/7.20.1"
::1 - - [22/Dec/2019:11:10:57 +0000] "POST /graphql HTTP/1.1" 200 215 "-" "PostmanRuntime/7.20.1"
::1 - - [22/Dec/2019:11:10:57 +0000] "POST /graphql HTTP/1.1" 200 215 "-" "PostmanRuntime/7.20.1"
::1 - - [22/Dec/2019:11:11:20 +0000] "POST /graphql HTTP/1.1" 200 214 "-" "PostmanRuntime/7.20.1"
::1 - - [22/Dec/2019:11:11:24 +0000] "POST /graphql HTTP/1.1" 200 215 "-" "PostmanRuntime/7.20.1"
::1 - - [22/Dec/2019:11:16:08 +0000] "POST /graphql HTTP/1.1" 200 215 "-" "PostmanRuntime/7.20.1"
::1 - - [22/Dec/2019:11:16:09 +0000] "POST /graphql HTTP/1.1" 200 215 "-" "PostmanRuntime/7.20.1"
::1 - - [22/Dec/2019:11:16:10 +0000] "POST /graphql HTTP/1.1" 200 215 "-" "PostmanRuntime/7.20.1"
::1 - - [22/Dec/2019:11:19:33 +0000] "POST /graphql HTTP/1.1" 200 215 "-" "PostmanRuntime/7.20.1"
::1 - - [22/Dec/2019:11:19:35 +0000] "POST /graphql HTTP/1.1" 500 150 "-" "PostmanRuntime/7.20.1"
::1 - - [22/Dec/2019:11:19:38 +0000] "POST /graphql HTTP/1.1" 200 215 "-" "PostmanRuntime/7.20.1"
::1 - - [22/Dec/2019:11:28:24 +0000] "POST /graphql HTTP/1.1" 200 215 "-" "PostmanRuntime/7.20.1"
::1 - - [22/Dec/2019:11:28:26 +0000] "POST /graphql HTTP/1.1" 500 139 "-" "PostmanRuntime/7.20.1"
::1 - - [22/Dec/2019:11:28:44 +0000] "POST /graphql HTTP/1.1" 500 71 "-" "PostmanRuntime/7.20.1"
::1 - - [22/Dec/2019:11:30:11 +0000] "POST /graphql HTTP/1.1" 200 214 "-" "PostmanRuntime/7.20.1"
::1 - - [22/Dec/2019:11:30:15 +0000] "POST /graphql HTTP/1.1" 500 71 "-" "PostmanRuntime/7.20.1"
::1 - - [22/Dec/2019:11:30:18 +0000] "POST /graphql HTTP/1.1" 500 139 "-" "PostmanRuntime/7.20.1"
::1 - - [22/Dec/2019:11:30:21 +0000] "POST /graphql HTTP/1.1" 200 214 "-" "PostmanRuntime/7.20.1"
::1 - - [22/Dec/2019:11:30:27 +0000] "POST /graphql HTTP/1.1" 500 139 "-" "PostmanRuntime/7.20.1"
::1 - - [22/Dec/2019:11:30:32 +0000] "POST /graphql HTTP/1.1" 200 214 "-" "PostmanRuntime/7.20.1"
::1 - - [22/Dec/2019:11:30:39 +0000] "POST /graphql HTTP/1.1" 500 71 "-" "PostmanRuntime/7.20.1"
::1 - - [22/Dec/2019:11:30:41 +0000] "POST /graphql HTTP/1.1" 200 215 "-" "PostmanRuntime/7.20.1"
::1 - - [22/Dec/2019:11:38:16 +0000] "POST /graphql HTTP/1.1" 200 214 "-" "PostmanRuntime/7.20.1"
::1 - - [22/Dec/2019:11:38:18 +0000] "POST /graphql HTTP/1.1" 200 214 "-" "PostmanRuntime/7.20.1"
::1 - - [22/Dec/2019:11:38:30 +0000] "POST /graphql HTTP/1.1" 200 212 "-" "PostmanRuntime/7.20.1"
::1 - - [22/Dec/2019:11:38:34 +0000] "POST /graphql HTTP/1.1" 500 88 "-" "PostmanRuntime/7.20.1"
::1 - - [22/Dec/2019:11:38:44 +0000] "POST /graphql HTTP/1.1" 500 88 "-" "PostmanRuntime/7.20.1"
